<?xml version="1.0" encoding="utf-8"?>
<TestRun id="57d4da41-cb0a-488f-8738-28c27e82eb5c" name="stanm@DESKTOP-I3KVQ9T 2025-12-30 10:21:52" runUser="DESKTOP-I3KVQ9T\stanm" xmlns="http://microsoft.com/schemas/VisualStudio/TeamTest/2010">
  <Times creation="2025-12-30T10:21:52.3938841-05:00" queuing="2025-12-30T10:21:52.3938844-05:00" start="2025-12-30T10:21:51.4336877-05:00" finish="2025-12-30T10:21:52.6495390-05:00" />
  <TestSettings name="default" id="c261a9f0-dd0f-4107-805b-38213e694268">
    <Deployment runDeploymentRoot="stanm_DESKTOP-I3KVQ9T_2025-12-30_10_21_52" />
  </TestSettings>
  <Results>
    <UnitTestResult executionId="4c7d12bc-cdd5-4d84-a3ee-af96289482bd" testId="382b5d25-ced7-c099-6533-dd7d04441b7e" testName="Vector.Api.Tests.Services.PeerInterviewServiceTests.GetMatchingStatusAsync_WithValidRequest_ReturnsStatus" computerName="DESKTOP-I3KVQ9T" duration="00:00:00.0009981" startTime="2025-12-30T10:21:52.6091676-05:00" endTime="2025-12-30T10:21:52.6091677-05:00" testType="13cdc9d9-ddb5-4fa4-a97d-d965ccfc6d4b" outcome="Passed" testListId="8c84fa94-04c1-424b-9868-57a2d4851a1d" relativeResultsDirectory="4c7d12bc-cdd5-4d84-a3ee-af96289482bd" />
    <UnitTestResult executionId="dac103ba-dd64-44df-87b7-098bcae46e29" testId="3b24562c-b8c4-6f80-cad2-1cd11327b33b" testName="Vector.Api.Tests.Services.PeerInterviewServiceTests.StartMatchingAsync_WithDifferentInterviewTypes_DoesNotMatch" computerName="DESKTOP-I3KVQ9T" duration="00:00:00.0014291" startTime="2025-12-30T10:21:52.5445026-05:00" endTime="2025-12-30T10:21:52.5445027-05:00" testType="13cdc9d9-ddb5-4fa4-a97d-d965ccfc6d4b" outcome="Passed" testListId="8c84fa94-04c1-424b-9868-57a2d4851a1d" relativeResultsDirectory="dac103ba-dd64-44df-87b7-098bcae46e29" />
    <UnitTestResult executionId="dd0db616-8c95-4e8d-bea7-6ae8d84d9239" testId="9fa1b70d-46b5-cb76-3da6-9ce56f58e378" testName="Vector.Api.Tests.Services.PeerInterviewServiceTests.GetUpcomingSessionsAsync_WithNoSessions_ReturnsEmpty" computerName="DESKTOP-I3KVQ9T" duration="00:00:00.0153270" startTime="2025-12-30T10:21:52.1915864-05:00" endTime="2025-12-30T10:21:52.1915865-05:00" testType="13cdc9d9-ddb5-4fa4-a97d-d965ccfc6d4b" outcome="Passed" testListId="8c84fa94-04c1-424b-9868-57a2d4851a1d" relativeResultsDirectory="dd0db616-8c95-4e8d-bea7-6ae8d84d9239" />
    <UnitTestResult executionId="305ddba4-a44a-4dd8-b0e5-1369a6cb4acc" testId="adf0f5d5-ce53-2a6b-f3c1-d09faf2b5b21" testName="Vector.Api.Tests.Services.PeerInterviewServiceTests.GetScheduledSessionByIdAsync_WithValidId_ReturnsSession" computerName="DESKTOP-I3KVQ9T" duration="00:00:00.0007764" startTime="2025-12-30T10:21:52.5486487-05:00" endTime="2025-12-30T10:21:52.5486487-05:00" testType="13cdc9d9-ddb5-4fa4-a97d-d965ccfc6d4b" outcome="Passed" testListId="8c84fa94-04c1-424b-9868-57a2d4851a1d" relativeResultsDirectory="305ddba4-a44a-4dd8-b0e5-1369a6cb4acc" />
    <UnitTestResult executionId="a585a2d2-03b5-4a06-b12a-4d5557d817eb" testId="ef2e81ed-1584-e339-2254-2b888ce3f1fa" testName="Vector.Api.Tests.Services.PeerInterviewServiceTests.EndInterviewAsync_WithValidSession_EndsSession" computerName="DESKTOP-I3KVQ9T" duration="00:00:00.0024250" startTime="2025-12-30T10:21:52.6081214-05:00" endTime="2025-12-30T10:21:52.6081215-05:00" testType="13cdc9d9-ddb5-4fa4-a97d-d965ccfc6d4b" outcome="Passed" testListId="8c84fa94-04c1-424b-9868-57a2d4851a1d" relativeResultsDirectory="a585a2d2-03b5-4a06-b12a-4d5557d817eb" />
    <UnitTestResult executionId="0b0f339a-b126-41f8-9dda-026111919735" testId="26234926-ec06-370b-fae0-c67ca271e446" testName="Vector.Api.Tests.Services.PeerInterviewServiceTests.ChangeQuestionAsync_AsInterviewee_ThrowsUnauthorizedAccessException" computerName="DESKTOP-I3KVQ9T" duration="00:00:00.0011940" startTime="2025-12-30T10:21:52.4813216-05:00" endTime="2025-12-30T10:21:52.4813217-05:00" testType="13cdc9d9-ddb5-4fa4-a97d-d965ccfc6d4b" outcome="Passed" testListId="8c84fa94-04c1-424b-9868-57a2d4851a1d" relativeResultsDirectory="0b0f339a-b126-41f8-9dda-026111919735" />
    <UnitTestResult executionId="1808e344-e12e-47ea-b03e-b71c05babc8f" testId="4d88a5f9-a2f9-e73c-f188-8868a8679efb" testName="Vector.Api.Tests.Services.PeerInterviewServiceTests.SubmitFeedbackAsync_WithUserNotInSession_ThrowsUnauthorizedAccessException" computerName="DESKTOP-I3KVQ9T" duration="00:00:00.0012378" startTime="2025-12-30T10:21:52.5812602-05:00" endTime="2025-12-30T10:21:52.5812602-05:00" testType="13cdc9d9-ddb5-4fa4-a97d-d965ccfc6d4b" outcome="Passed" testListId="8c84fa94-04c1-424b-9868-57a2d4851a1d" relativeResultsDirectory="1808e344-e12e-47ea-b03e-b71c05babc8f" />
    <UnitTestResult executionId="827824fe-0eca-4b41-b68a-4d6209ccdb39" testId="5ed7f4b9-960d-f5e0-e2d4-95fe45467e46" testName="Vector.Api.Tests.Services.PeerInterviewServiceTests.GetUpcomingSessionsAsync_WithFutureSessions_ReturnsOnlyFuture" computerName="DESKTOP-I3KVQ9T" duration="00:00:00.4376440" startTime="2025-12-30T10:21:52.1764790-05:00" endTime="2025-12-30T10:21:52.1764869-05:00" testType="13cdc9d9-ddb5-4fa4-a97d-d965ccfc6d4b" outcome="Passed" testListId="8c84fa94-04c1-424b-9868-57a2d4851a1d" relativeResultsDirectory="827824fe-0eca-4b41-b68a-4d6209ccdb39" />
    <UnitTestResult executionId="63e61f42-fca5-4674-9cc5-98a4c8e04d12" testId="d1b5a403-a671-be6f-8683-ce9811ac82cc" testName="Vector.Api.Tests.Services.PeerInterviewServiceTests.CancelScheduledSessionAsync_WithValidId_CancelsSession" computerName="DESKTOP-I3KVQ9T" duration="00:00:00.0008104" startTime="2025-12-30T10:21:52.5510535-05:00" endTime="2025-12-30T10:21:52.5510536-05:00" testType="13cdc9d9-ddb5-4fa4-a97d-d965ccfc6d4b" outcome="Passed" testListId="8c84fa94-04c1-424b-9868-57a2d4851a1d" relativeResultsDirectory="63e61f42-fca5-4674-9cc5-98a4c8e04d12" />
    <UnitTestResult executionId="a5cc20ce-cd05-4b15-9408-cba595388cae" testId="d3ca2b6c-6732-a04e-8be9-294f0070af73" testName="Vector.Api.Tests.Services.PeerInterviewServiceTests.CancelScheduledSessionAsync_WithAlreadyCancelled_StillReturnsTrue" computerName="DESKTOP-I3KVQ9T" duration="00:00:00.0008141" startTime="2025-12-30T10:21:52.5973065-05:00" endTime="2025-12-30T10:21:52.5973066-05:00" testType="13cdc9d9-ddb5-4fa4-a97d-d965ccfc6d4b" outcome="Passed" testListId="8c84fa94-04c1-424b-9868-57a2d4851a1d" relativeResultsDirectory="a5cc20ce-cd05-4b15-9408-cba595388cae" />
    <UnitTestResult executionId="72124913-cbb9-4fbf-aa7e-2e0c40f0048e" testId="26bb9b7d-6c3c-0a66-b4f6-55e18017cc05" testName="Vector.Api.Tests.Services.PeerInterviewServiceTests.GetMatchingStatusAsync_WithNoRequest_ReturnsNull" computerName="DESKTOP-I3KVQ9T" duration="00:00:00.0219748" startTime="2025-12-30T10:21:52.5799713-05:00" endTime="2025-12-30T10:21:52.5799714-05:00" testType="13cdc9d9-ddb5-4fa4-a97d-d965ccfc6d4b" outcome="Passed" testListId="8c84fa94-04c1-424b-9868-57a2d4851a1d" relativeResultsDirectory="72124913-cbb9-4fbf-aa7e-2e0c40f0048e" />
    <UnitTestResult executionId="c1565454-1554-4099-924b-d6e6c023781e" testId="a3babf01-12ec-4830-c6dd-34f39d0016dc" testName="Vector.Api.Tests.Services.PeerInterviewServiceTests.ExpireMatchIfNotConfirmedAsync_WithExpiredRequest_ExpiresMatch" computerName="DESKTOP-I3KVQ9T" duration="00:00:00.0011195" startTime="2025-12-30T10:21:52.4838241-05:00" endTime="2025-12-30T10:21:52.4838243-05:00" testType="13cdc9d9-ddb5-4fa4-a97d-d965ccfc6d4b" outcome="Passed" testListId="8c84fa94-04c1-424b-9868-57a2d4851a1d" relativeResultsDirectory="c1565454-1554-4099-924b-d6e6c023781e" />
    <UnitTestResult executionId="1b895bcc-9e2b-476d-a2e1-96661fc4e922" testId="766417f6-0ddd-be3e-37dc-63b36c075ad4" testName="Vector.Api.Tests.Services.PeerInterviewServiceTests.GetLiveSessionByIdAsync_WithUserNotInSession_ThrowsUnauthorizedAccessException" computerName="DESKTOP-I3KVQ9T" duration="00:00:00.0689833" startTime="2025-12-30T10:21:52.2768847-05:00" endTime="2025-12-30T10:21:52.2768849-05:00" testType="13cdc9d9-ddb5-4fa4-a97d-d965ccfc6d4b" outcome="Passed" testListId="8c84fa94-04c1-424b-9868-57a2d4851a1d" relativeResultsDirectory="1b895bcc-9e2b-476d-a2e1-96661fc4e922" />
    <UnitTestResult executionId="b2d282e6-fe63-4a46-b4eb-c00c2d2bffc7" testId="f11e843e-df81-0688-279a-6544de35571c" testName="Vector.Api.Tests.Services.PeerInterviewServiceTests.ConfirmMatchAsync_WithNotMatchedStatus_ThrowsInvalidOperationException" computerName="DESKTOP-I3KVQ9T" duration="00:00:00.0010950" startTime="2025-12-30T10:21:52.3793750-05:00" endTime="2025-12-30T10:21:52.3793751-05:00" testType="13cdc9d9-ddb5-4fa4-a97d-d965ccfc6d4b" outcome="Passed" testListId="8c84fa94-04c1-424b-9868-57a2d4851a1d" relativeResultsDirectory="b2d282e6-fe63-4a46-b4eb-c00c2d2bffc7" />
    <UnitTestResult executionId="5f139185-d792-492b-9aff-b2a51eec6cc5" testId="d028d019-a7e6-df58-2dc9-62f1a6c1e5ed" testName="Vector.Api.Tests.Services.PeerInterviewServiceTests.GetScheduledSessionByIdAsync_WithInvalidId_ReturnsNull" computerName="DESKTOP-I3KVQ9T" duration="00:00:00.0075761" startTime="2025-12-30T10:21:52.5228383-05:00" endTime="2025-12-30T10:21:52.5228384-05:00" testType="13cdc9d9-ddb5-4fa4-a97d-d965ccfc6d4b" outcome="Passed" testListId="8c84fa94-04c1-424b-9868-57a2d4851a1d" relativeResultsDirectory="5f139185-d792-492b-9aff-b2a51eec6cc5" />
    <UnitTestResult executionId="7f8bd319-8918-4834-8407-6cb9e99770e7" testId="5b3d59a5-13f5-7790-2e0a-8507aba14ff9" testName="Vector.Api.Tests.Services.PeerInterviewServiceTests.SubmitFeedbackAsync_WithSelfAsReviewee_ThrowsInvalidOperationException" computerName="DESKTOP-I3KVQ9T" duration="00:00:00.0010716" startTime="2025-12-30T10:21:52.5337499-05:00" endTime="2025-12-30T10:21:52.5337499-05:00" testType="13cdc9d9-ddb5-4fa4-a97d-d965ccfc6d4b" outcome="Passed" testListId="8c84fa94-04c1-424b-9868-57a2d4851a1d" relativeResultsDirectory="7f8bd319-8918-4834-8407-6cb9e99770e7" />
    <UnitTestResult executionId="17844fb2-ea6b-4cd9-be61-4eac67d56271" testId="8c69e763-bc77-896c-a76f-3c0dc30e0c53" testName="Vector.Api.Tests.Services.PeerInterviewServiceTests.ScheduleInterviewSessionAsync_WithPastDate_StillCreatesSession" computerName="DESKTOP-I3KVQ9T" duration="00:00:00.0009290" startTime="2025-12-30T10:21:52.4795670-05:00" endTime="2025-12-30T10:21:52.4795671-05:00" testType="13cdc9d9-ddb5-4fa4-a97d-d965ccfc6d4b" outcome="Passed" testListId="8c84fa94-04c1-424b-9868-57a2d4851a1d" relativeResultsDirectory="17844fb2-ea6b-4cd9-be61-4eac67d56271" />
    <UnitTestResult executionId="3ae78a7d-72ca-46f4-9bed-9c8e778da986" testId="bde3b93d-4884-fcbd-be58-fe02ee274051" testName="Vector.Api.Tests.Services.PeerInterviewServiceTests.GetFeedbackAsync_WithUserNotInSession_ThrowsUnauthorizedAccessException" computerName="DESKTOP-I3KVQ9T" duration="00:00:00.0011221" startTime="2025-12-30T10:21:52.5478808-05:00" endTime="2025-12-30T10:21:52.5478808-05:00" testType="13cdc9d9-ddb5-4fa4-a97d-d965ccfc6d4b" outcome="Passed" testListId="8c84fa94-04c1-424b-9868-57a2d4851a1d" relativeResultsDirectory="3ae78a7d-72ca-46f4-9bed-9c8e778da986" />
    <UnitTestResult executionId="f288dc64-cbf3-4c69-801a-e8b4c8d89d1f" testId="0ac92a93-3166-87e3-e85a-776616b0a667" testName="Vector.Api.Tests.Services.PeerInterviewServiceTests.SwitchRolesAsync_WithOnlyOneQuestion_DoesNotSwitchQuestion" computerName="DESKTOP-I3KVQ9T" duration="00:00:00.0097540" startTime="2025-12-30T10:21:52.5326758-05:00" endTime="2025-12-30T10:21:52.5326758-05:00" testType="13cdc9d9-ddb5-4fa4-a97d-d965ccfc6d4b" outcome="Passed" testListId="8c84fa94-04c1-424b-9868-57a2d4851a1d" relativeResultsDirectory="f288dc64-cbf3-4c69-801a-e8b4c8d89d1f" />
    <UnitTestResult executionId="9ad49474-f502-4b73-8a37-a85f12c8bd6a" testId="20e89d27-0925-a17a-07f8-c50987d233d6" testName="Vector.Api.Tests.Services.PeerInterviewServiceTests.ChangeQuestionAsync_AsInterviewer_ChangesQuestion" computerName="DESKTOP-I3KVQ9T" duration="00:00:00.0013582" startTime="2025-12-30T10:21:52.5378823-05:00" endTime="2025-12-30T10:21:52.5378824-05:00" testType="13cdc9d9-ddb5-4fa4-a97d-d965ccfc6d4b" outcome="Passed" testListId="8c84fa94-04c1-424b-9868-57a2d4851a1d" relativeResultsDirectory="9ad49474-f502-4b73-8a37-a85f12c8bd6a" />
    <UnitTestResult executionId="a4fac7e7-2cb0-466a-b333-2d6b3574d745" testId="053459c4-9a8f-d5c8-12cb-b3e169da5e46" testName="Vector.Api.Tests.Services.PeerInterviewServiceTests.SubmitFeedbackAsync_WithValidData_CreatesFeedback" computerName="DESKTOP-I3KVQ9T" duration="00:00:00.0313737" startTime="2025-12-30T10:21:52.5152485-05:00" endTime="2025-12-30T10:21:52.5152486-05:00" testType="13cdc9d9-ddb5-4fa4-a97d-d965ccfc6d4b" outcome="Passed" testListId="8c84fa94-04c1-424b-9868-57a2d4851a1d" relativeResultsDirectory="a4fac7e7-2cb0-466a-b333-2d6b3574d745" />
    <UnitTestResult executionId="e85555b5-fd5f-4463-8a9c-782fd669a96f" testId="3e5216a7-36ae-08fd-ad12-528dea98705f" testName="Vector.Api.Tests.Services.PeerInterviewServiceTests.StartMatchingAsync_WithExistingPendingRequest_ReusesRequest" computerName="DESKTOP-I3KVQ9T" duration="00:00:00.0051077" startTime="2025-12-30T10:21:52.5430371-05:00" endTime="2025-12-30T10:21:52.5430372-05:00" testType="13cdc9d9-ddb5-4fa4-a97d-d965ccfc6d4b" outcome="Passed" testListId="8c84fa94-04c1-424b-9868-57a2d4851a1d" relativeResultsDirectory="e85555b5-fd5f-4463-8a9c-782fd669a96f" />
    <UnitTestResult executionId="47f7d1e1-3710-4d42-ad9f-0c597f5d0d74" testId="fc58ae7b-7b1d-4190-e354-c4cdfa567bba" testName="Vector.Api.Tests.Services.PeerInterviewServiceTests.ChangeQuestionAsync_WithNullQuestionId_SelectsRandomQuestion" computerName="DESKTOP-I3KVQ9T" duration="00:00:00.0809036" startTime="2025-12-30T10:21:52.4502226-05:00" endTime="2025-12-30T10:21:52.4502230-05:00" testType="13cdc9d9-ddb5-4fa4-a97d-d965ccfc6d4b" outcome="Passed" testListId="8c84fa94-04c1-424b-9868-57a2d4851a1d" relativeResultsDirectory="47f7d1e1-3710-4d42-ad9f-0c597f5d0d74" />
    <UnitTestResult executionId="a7ed577f-8a4a-4c10-9ff5-6ccc94788057" testId="916f71d6-9d7e-7d4b-bdfa-4483bc62282c" testName="Vector.Api.Tests.Services.PeerInterviewServiceTests.CancelScheduledSessionAsync_WithWrongUserId_ReturnsFalse" computerName="DESKTOP-I3KVQ9T" duration="00:00:00.0007553" startTime="2025-12-30T10:21:52.6111628-05:00" endTime="2025-12-30T10:21:52.6111629-05:00" testType="13cdc9d9-ddb5-4fa4-a97d-d965ccfc6d4b" outcome="Passed" testListId="8c84fa94-04c1-424b-9868-57a2d4851a1d" relativeResultsDirectory="a7ed577f-8a4a-4c10-9ff5-6ccc94788057" />
    <UnitTestResult executionId="ff491338-0879-4618-a4f0-92f9b7c417bd" testId="6505630d-792c-7273-f6c0-be997e86479e" testName="Vector.Api.Tests.Services.PeerInterviewServiceTests.GetFeedbackForSessionAsync_WithFeedback_ReturnsFeedbackAboutUser" computerName="DESKTOP-I3KVQ9T" duration="00:00:00.0011830" startTime="2025-12-30T10:21:52.6103813-05:00" endTime="2025-12-30T10:21:52.6103813-05:00" testType="13cdc9d9-ddb5-4fa4-a97d-d965ccfc6d4b" outcome="Passed" testListId="8c84fa94-04c1-424b-9868-57a2d4851a1d" relativeResultsDirectory="ff491338-0879-4618-a4f0-92f9b7c417bd" />
    <UnitTestResult executionId="61f0503a-6b2f-4519-9cac-68fdf58bb274" testId="956ddbcb-1209-1d2e-877b-3bc328429973" testName="Vector.Api.Tests.Services.PeerInterviewServiceTests.ChangeQuestionAsync_WithInvalidQuestion_ThrowsKeyNotFoundException" computerName="DESKTOP-I3KVQ9T" duration="00:00:00.0012725" startTime="2025-12-30T10:21:52.4826307-05:00" endTime="2025-12-30T10:21:52.4826309-05:00" testType="13cdc9d9-ddb5-4fa4-a97d-d965ccfc6d4b" outcome="Passed" testListId="8c84fa94-04c1-424b-9868-57a2d4851a1d" relativeResultsDirectory="61f0503a-6b2f-4519-9cac-68fdf58bb274" />
    <UnitTestResult executionId="5efe4f25-0d37-4bd3-a96b-466018686007" testId="027b5bbe-2d46-12d3-b2b6-79be4b0db30b" testName="Vector.Api.Tests.Services.PeerInterviewServiceTests.SubmitFeedbackAsync_WithInvalidReviewee_ThrowsInvalidOperationException" computerName="DESKTOP-I3KVQ9T" duration="00:00:00.0009918" startTime="2025-12-30T10:21:52.6135081-05:00" endTime="2025-12-30T10:21:52.6135082-05:00" testType="13cdc9d9-ddb5-4fa4-a97d-d965ccfc6d4b" outcome="Passed" testListId="8c84fa94-04c1-424b-9868-57a2d4851a1d" relativeResultsDirectory="5efe4f25-0d37-4bd3-a96b-466018686007" />
    <UnitTestResult executionId="95b7e778-7d78-4ee8-ab02-3c3c50fc29b8" testId="99d216e7-0d3c-2784-3c10-fcadcbfe02e8" testName="Vector.Api.Tests.Services.PeerInterviewServiceTests.ScheduleInterviewSessionAsync_WithValidData_CreatesSession" computerName="DESKTOP-I3KVQ9T" duration="00:00:00.0061161" startTime="2025-12-30T10:21:52.2078066-05:00" endTime="2025-12-30T10:21:52.2078067-05:00" testType="13cdc9d9-ddb5-4fa4-a97d-d965ccfc6d4b" outcome="Passed" testListId="8c84fa94-04c1-424b-9868-57a2d4851a1d" relativeResultsDirectory="95b7e778-7d78-4ee8-ab02-3c3c50fc29b8" />
    <UnitTestResult executionId="d2938873-5ba1-425a-900f-82e6262314e0" testId="156168d0-2ba8-0f69-6716-02d08d787d54" testName="Vector.Api.Tests.Services.PeerInterviewServiceTests.StartMatchingAsync_WithValidSession_CreatesMatchingRequest" computerName="DESKTOP-I3KVQ9T" duration="00:00:00.0042550" startTime="2025-12-30T10:21:52.4785983-05:00" endTime="2025-12-30T10:21:52.4785985-05:00" testType="13cdc9d9-ddb5-4fa4-a97d-d965ccfc6d4b" outcome="Passed" testListId="8c84fa94-04c1-424b-9868-57a2d4851a1d" relativeResultsDirectory="d2938873-5ba1-425a-900f-82e6262314e0" />
    <UnitTestResult executionId="785dde06-bd93-4e18-b0a3-98cd33190118" testId="ce5c12d8-bbe0-4a15-c038-052466f841ad" testName="Vector.Api.Tests.Services.PeerInterviewServiceTests.EndInterviewAsync_WithUserNotInSession_ThrowsUnauthorizedAccessException" computerName="DESKTOP-I3KVQ9T" duration="00:00:00.0009821" startTime="2025-12-30T10:21:52.6165539-05:00" endTime="2025-12-30T10:21:52.6165540-05:00" testType="13cdc9d9-ddb5-4fa4-a97d-d965ccfc6d4b" outcome="Passed" testListId="8c84fa94-04c1-424b-9868-57a2d4851a1d" relativeResultsDirectory="785dde06-bd93-4e18-b0a3-98cd33190118" />
    <UnitTestResult executionId="18b57cbb-b241-4ad3-b828-65b6318ec206" testId="4d072d89-7867-d573-512b-240b3f2642c1" testName="Vector.Api.Tests.Services.PeerInterviewServiceTests.ConfirmMatchAsync_WithValidRequest_MarksAsConfirmed" computerName="DESKTOP-I3KVQ9T" duration="00:00:00.0017586" startTime="2025-12-30T10:21:52.5355546-05:00" endTime="2025-12-30T10:21:52.5355547-05:00" testType="13cdc9d9-ddb5-4fa4-a97d-d965ccfc6d4b" outcome="Passed" testListId="8c84fa94-04c1-424b-9868-57a2d4851a1d" relativeResultsDirectory="18b57cbb-b241-4ad3-b828-65b6318ec206" />
    <UnitTestResult executionId="5f6cd155-1f22-42c8-8acf-a23d774d7425" testId="43340d65-acae-bf28-230d-1c8474977aa3" testName="Vector.Api.Tests.Services.PeerInterviewServiceTests.CancelScheduledSessionAsync_WithInvalidId_ReturnsFalse" computerName="DESKTOP-I3KVQ9T" duration="00:00:00.0100172" startTime="2025-12-30T10:21:52.2016767-05:00" endTime="2025-12-30T10:21:52.2016768-05:00" testType="13cdc9d9-ddb5-4fa4-a97d-d965ccfc6d4b" outcome="Passed" testListId="8c84fa94-04c1-424b-9868-57a2d4851a1d" relativeResultsDirectory="5f6cd155-1f22-42c8-8acf-a23d774d7425" />
    <UnitTestResult executionId="7a7a64ec-a81b-4a31-93e4-0a2c994a0ad6" testId="71a8ae7d-442e-733d-b68c-88129d90e99e" testName="Vector.Api.Tests.Services.PeerInterviewServiceTests.SwitchRolesAsync_WithValidSession_SwapsRoles" computerName="DESKTOP-I3KVQ9T" duration="00:00:00.0072347" startTime="2025-12-30T10:21:52.6056381-05:00" endTime="2025-12-30T10:21:52.6056381-05:00" testType="13cdc9d9-ddb5-4fa4-a97d-d965ccfc6d4b" outcome="Passed" testListId="8c84fa94-04c1-424b-9868-57a2d4851a1d" relativeResultsDirectory="7a7a64ec-a81b-4a31-93e4-0a2c994a0ad6" />
    <UnitTestResult executionId="9b2710ae-3d8b-4aae-bbba-cff18b5edaa1" testId="10c0e92c-eaa8-9569-61db-af87d7dff152" testName="Vector.Api.Tests.Services.PeerInterviewServiceTests.GetFeedbackAsync_WithValidId_ReturnsFeedback" computerName="DESKTOP-I3KVQ9T" duration="00:00:00.0021457" startTime="2025-12-30T10:21:52.5466815-05:00" endTime="2025-12-30T10:21:52.5466815-05:00" testType="13cdc9d9-ddb5-4fa4-a97d-d965ccfc6d4b" outcome="Passed" testListId="8c84fa94-04c1-424b-9868-57a2d4851a1d" relativeResultsDirectory="9b2710ae-3d8b-4aae-bbba-cff18b5edaa1" />
    <UnitTestResult executionId="b1e4aa90-8e14-46d1-a6f9-35f6d3407372" testId="10bcc235-9714-c432-3bec-b40281ee84d6" testName="Vector.Api.Tests.Services.PeerInterviewServiceTests.StartMatchingAsync_WithDifferentPracticeTypes_DoesNotMatch" computerName="DESKTOP-I3KVQ9T" duration="00:00:00.0383051" startTime="2025-12-30T10:21:52.3671069-05:00" endTime="2025-12-30T10:21:52.3671070-05:00" testType="13cdc9d9-ddb5-4fa4-a97d-d965ccfc6d4b" outcome="Passed" testListId="8c84fa94-04c1-424b-9868-57a2d4851a1d" relativeResultsDirectory="b1e4aa90-8e14-46d1-a6f9-35f6d3407372" />
    <UnitTestResult executionId="f77aa6ee-a15c-48ed-931e-6555c1abc22f" testId="d547a297-72ed-a93b-8195-490350b71110" testName="Vector.Api.Tests.Services.PeerInterviewServiceTests.SwitchRolesAsync_WithTwoQuestions_SwitchesActiveQuestion" computerName="DESKTOP-I3KVQ9T" duration="00:00:00.0012744" startTime="2025-12-30T10:21:52.6124797-05:00" endTime="2025-12-30T10:21:52.6124798-05:00" testType="13cdc9d9-ddb5-4fa4-a97d-d965ccfc6d4b" outcome="Passed" testListId="8c84fa94-04c1-424b-9868-57a2d4851a1d" relativeResultsDirectory="f77aa6ee-a15c-48ed-931e-6555c1abc22f" />
    <UnitTestResult executionId="a01e4c8c-4df5-489c-bc0b-2e591b1b8ecc" testId="b058dbff-f2dc-005c-1ad9-1da81376118f" testName="Vector.Api.Tests.Services.PeerInterviewServiceTests.ConfirmMatchAsync_WithInvalidRequest_ThrowsKeyNotFoundException" computerName="DESKTOP-I3KVQ9T" duration="00:00:00.0257586" startTime="2025-12-30T10:21:52.3286828-05:00" endTime="2025-12-30T10:21:52.3286829-05:00" testType="13cdc9d9-ddb5-4fa4-a97d-d965ccfc6d4b" outcome="Passed" testListId="8c84fa94-04c1-424b-9868-57a2d4851a1d" relativeResultsDirectory="a01e4c8c-4df5-489c-bc0b-2e591b1b8ecc" />
    <UnitTestResult executionId="fe9312ca-1df6-4c86-9ea4-d6d6e0f6727e" testId="aa14c43c-9cb1-d2d9-f9c7-8495a52b67ce" testName="Vector.Api.Tests.Services.PeerInterviewServiceTests.GetFeedbackAsync_WithInvalidId_ReturnsNull" computerName="DESKTOP-I3KVQ9T" duration="00:00:00.0259018" startTime="2025-12-30T10:21:52.3028514-05:00" endTime="2025-12-30T10:21:52.3028516-05:00" testType="13cdc9d9-ddb5-4fa4-a97d-d965ccfc6d4b" outcome="Passed" testListId="8c84fa94-04c1-424b-9868-57a2d4851a1d" relativeResultsDirectory="fe9312ca-1df6-4c86-9ea4-d6d6e0f6727e" />
    <UnitTestResult executionId="0ebf0c30-1e0d-4be8-8bd9-9be4f4c8fab6" testId="e39006e6-4a36-807c-9a00-a919304dd32b" testName="Vector.Api.Tests.Services.PeerInterviewServiceTests.GetFeedbackForSessionAsync_WithNoFeedback_ReturnsEmptyList" computerName="DESKTOP-I3KVQ9T" duration="00:00:00.0151370" startTime="2025-12-30T10:21:52.5964496-05:00" endTime="2025-12-30T10:21:52.5964498-05:00" testType="13cdc9d9-ddb5-4fa4-a97d-d965ccfc6d4b" outcome="Passed" testListId="8c84fa94-04c1-424b-9868-57a2d4851a1d" relativeResultsDirectory="0ebf0c30-1e0d-4be8-8bd9-9be4f4c8fab6" />
    <UnitTestResult executionId="076c1317-537e-4413-bae3-074f366bf4e2" testId="9233bb38-eaff-5608-6ef2-486cb2c211d1" testName="Vector.Api.Tests.Services.PeerInterviewServiceTests.EndInterviewAsync_WithCompletedSession_StillWorks" computerName="DESKTOP-I3KVQ9T" duration="00:00:00.0010215" startTime="2025-12-30T10:21:52.6145681-05:00" endTime="2025-12-30T10:21:52.6145681-05:00" testType="13cdc9d9-ddb5-4fa4-a97d-d965ccfc6d4b" outcome="Passed" testListId="8c84fa94-04c1-424b-9868-57a2d4851a1d" relativeResultsDirectory="076c1317-537e-4413-bae3-074f366bf4e2" />
    <UnitTestResult executionId="dce48c43-f3e0-4090-ad49-546a68288ce8" testId="bc09114f-a834-8d5a-d7c9-7abb763a9e06" testName="Vector.Api.Tests.Services.PeerInterviewServiceTests.GetLiveSessionByIdAsync_WithValidSession_ReturnsSession" computerName="DESKTOP-I3KVQ9T" duration="00:00:00.0014498" startTime="2025-12-30T10:21:52.5579338-05:00" endTime="2025-12-30T10:21:52.5579339-05:00" testType="13cdc9d9-ddb5-4fa4-a97d-d965ccfc6d4b" outcome="Passed" testListId="8c84fa94-04c1-424b-9868-57a2d4851a1d" relativeResultsDirectory="dce48c43-f3e0-4090-ad49-546a68288ce8" />
    <UnitTestResult executionId="4531506f-5495-4644-86bb-75959fa1a4b3" testId="41032785-28da-f422-0eca-e553ca40d66a" testName="Vector.Api.Tests.Services.PeerInterviewServiceTests.ExpireMatchIfNotConfirmedAsync_WithConfirmedRequest_ReturnsFalse" computerName="DESKTOP-I3KVQ9T" duration="00:00:00.0099450" startTime="2025-12-30T10:21:52.4742933-05:00" endTime="2025-12-30T10:21:52.4742936-05:00" testType="13cdc9d9-ddb5-4fa4-a97d-d965ccfc6d4b" outcome="Passed" testListId="8c84fa94-04c1-424b-9868-57a2d4851a1d" relativeResultsDirectory="4531506f-5495-4644-86bb-75959fa1a4b3" />
    <UnitTestResult executionId="a4e33f34-c0f7-4663-93b7-f2bb18075d6c" testId="eeb2828c-1605-99b7-6a2b-8eb5592f25b7" testName="Vector.Api.Tests.Services.PeerInterviewServiceTests.StartMatchingAsync_WithCancelledSession_ThrowsInvalidOperationException" computerName="DESKTOP-I3KVQ9T" duration="00:00:00.0010209" startTime="2025-12-30T10:21:52.3681396-05:00" endTime="2025-12-30T10:21:52.3681397-05:00" testType="13cdc9d9-ddb5-4fa4-a97d-d965ccfc6d4b" outcome="Passed" testListId="8c84fa94-04c1-424b-9868-57a2d4851a1d" relativeResultsDirectory="a4e33f34-c0f7-4663-93b7-f2bb18075d6c" />
    <UnitTestResult executionId="7b15c4c7-d869-48fd-9a4e-a079e9cec397" testId="6e39ffca-e570-8d97-f5a4-813612638afd" testName="Vector.Api.Tests.Services.PeerInterviewServiceTests.SwitchRolesAsync_WithUserNotInSession_ThrowsUnauthorizedAccessException" computerName="DESKTOP-I3KVQ9T" duration="00:00:00.0009357" startTime="2025-12-30T10:21:52.6155771-05:00" endTime="2025-12-30T10:21:52.6155772-05:00" testType="13cdc9d9-ddb5-4fa4-a97d-d965ccfc6d4b" outcome="Passed" testListId="8c84fa94-04c1-424b-9868-57a2d4851a1d" relativeResultsDirectory="7b15c4c7-d869-48fd-9a4e-a079e9cec397" />
    <UnitTestResult executionId="b961bd0c-29f7-44ad-af97-ccc0c83df062" testId="c57e610b-3fd9-bd62-e75d-373a3882c024" testName="Vector.Api.Tests.Services.PeerInterviewServiceTests.ConfirmMatchAsync_WhenAlreadyConfirmed_ReturnsResponse" computerName="DESKTOP-I3KVQ9T" duration="00:00:00.0015093" startTime="2025-12-30T10:21:52.5502010-05:00" endTime="2025-12-30T10:21:52.5502011-05:00" testType="13cdc9d9-ddb5-4fa4-a97d-d965ccfc6d4b" outcome="Passed" testListId="8c84fa94-04c1-424b-9868-57a2d4851a1d" relativeResultsDirectory="b961bd0c-29f7-44ad-af97-ccc0c83df062" />
    <UnitTestResult executionId="771b9400-9add-42db-8ce4-acd178098d34" testId="844b019f-5aff-6c56-0d30-e60ab153d20a" testName="Vector.Api.Tests.Services.PeerInterviewServiceTests.GetScheduledSessionByIdAsync_WithWrongUserId_ReturnsNull" computerName="DESKTOP-I3KVQ9T" duration="00:00:00.0006882" startTime="2025-12-30T10:21:52.5517751-05:00" endTime="2025-12-30T10:21:52.5517751-05:00" testType="13cdc9d9-ddb5-4fa4-a97d-d965ccfc6d4b" outcome="Passed" testListId="8c84fa94-04c1-424b-9868-57a2d4851a1d" relativeResultsDirectory="771b9400-9add-42db-8ce4-acd178098d34" />
    <UnitTestResult executionId="6e3a26bb-5e89-49a6-a60a-792856a5b604" testId="2d41a5f4-597a-8c16-b484-67a55d8f741b" testName="Vector.Api.Tests.Services.PeerInterviewServiceTests.GetUpcomingSessionsAsync_ExcludesCancelledSessions" computerName="DESKTOP-I3KVQ9T" duration="00:00:00.0009001" startTime="2025-12-30T10:21:52.5364883-05:00" endTime="2025-12-30T10:21:52.5364883-05:00" testType="13cdc9d9-ddb5-4fa4-a97d-d965ccfc6d4b" outcome="Passed" testListId="8c84fa94-04c1-424b-9868-57a2d4851a1d" relativeResultsDirectory="6e3a26bb-5e89-49a6-a60a-792856a5b604" />
    <UnitTestResult executionId="84155943-a005-49e7-bdb5-b1ca4407f68a" testId="ca8650bd-e22f-b681-a348-a3481e9eeff7" testName="Vector.Api.Tests.Services.PeerInterviewServiceTests.GetMatchingStatusAsync_WithExpiredRequest_ReturnsNull" computerName="DESKTOP-I3KVQ9T" duration="00:00:00.0010210" startTime="2025-12-30T10:21:52.5983710-05:00" endTime="2025-12-30T10:21:52.5983711-05:00" testType="13cdc9d9-ddb5-4fa4-a97d-d965ccfc6d4b" outcome="Passed" testListId="8c84fa94-04c1-424b-9868-57a2d4851a1d" relativeResultsDirectory="84155943-a005-49e7-bdb5-b1ca4407f68a" />
    <UnitTestResult executionId="6e7fd884-49bc-4153-9630-b007a171557e" testId="118f4cb2-b141-5759-d197-70c8f88f5ff1" testName="Vector.Api.Tests.Services.PeerInterviewServiceTests.GetFeedbackForSessionAsync_WithUserNotInSession_ThrowsUnauthorizedAccessException" computerName="DESKTOP-I3KVQ9T" duration="00:00:00.0017055" startTime="2025-12-30T10:21:52.5564652-05:00" endTime="2025-12-30T10:21:52.5564653-05:00" testType="13cdc9d9-ddb5-4fa4-a97d-d965ccfc6d4b" outcome="Passed" testListId="8c84fa94-04c1-424b-9868-57a2d4851a1d" relativeResultsDirectory="6e7fd884-49bc-4153-9630-b007a171557e" />
    <UnitTestResult executionId="24e9d073-4af2-42a2-a9d0-23d35416988f" testId="02397892-8bf1-705d-fa1a-b80589a9874b" testName="Vector.Api.Tests.Services.PeerInterviewServiceTests.SubmitFeedbackAsync_WithExistingFeedback_UpdatesFeedback" computerName="DESKTOP-I3KVQ9T" duration="00:00:00.0028712" startTime="2025-12-30T10:21:52.5546823-05:00" endTime="2025-12-30T10:21:52.5546823-05:00" testType="13cdc9d9-ddb5-4fa4-a97d-d965ccfc6d4b" outcome="Passed" testListId="8c84fa94-04c1-424b-9868-57a2d4851a1d" relativeResultsDirectory="24e9d073-4af2-42a2-a9d0-23d35416988f" />
    <UnitTestResult executionId="5216df1f-96a9-4393-a70d-dc9d84652181" testId="a298cdb6-83f3-ca75-a3f5-43135a8b5c85" testName="Vector.Api.Tests.Services.PeerInterviewServiceTests.StartMatchingAsync_WithInvalidSession_ThrowsKeyNotFoundException" computerName="DESKTOP-I3KVQ9T" duration="00:00:00.0004937" startTime="2025-12-30T10:21:52.4800942-05:00" endTime="2025-12-30T10:21:52.4800943-05:00" testType="13cdc9d9-ddb5-4fa4-a97d-d965ccfc6d4b" outcome="Passed" testListId="8c84fa94-04c1-424b-9868-57a2d4851a1d" relativeResultsDirectory="5216df1f-96a9-4393-a70d-dc9d84652181" />
    <UnitTestResult executionId="8fc9cc78-1694-4f63-9add-2bc1ca02d331" testId="94467ae8-59b9-003c-7cf4-6056a1677ae8" testName="Vector.Api.Tests.Services.PeerInterviewServiceTests.ConfirmMatchAsync_WhenBothConfirm_CreatesLiveSession" computerName="DESKTOP-I3KVQ9T" duration="00:00:00.0139844" startTime="2025-12-30T10:21:52.4642767-05:00" endTime="2025-12-30T10:21:52.4642768-05:00" testType="13cdc9d9-ddb5-4fa4-a97d-d965ccfc6d4b" outcome="Passed" testListId="8c84fa94-04c1-424b-9868-57a2d4851a1d" relativeResultsDirectory="8fc9cc78-1694-4f63-9add-2bc1ca02d331" />
  </Results>
  <TestDefinitions>
    <UnitTest name="Vector.Api.Tests.Services.PeerInterviewServiceTests.SubmitFeedbackAsync_WithInvalidReviewee_ThrowsInvalidOperationException" storage="c:\users\stanm\source\repos\vecotr\backend\vector.api.tests\bin\debug\net8.0\vector.api.tests.dll" id="027b5bbe-2d46-12d3-b2b6-79be4b0db30b">
      <Execution id="5efe4f25-0d37-4bd3-a96b-466018686007" />
      <TestMethod codeBase="C:\Users\stanm\source\repos\Vecotr\backend\Vector.Api.Tests\bin\Debug\net8.0\Vector.Api.Tests.dll" adapterTypeName="executor://xunit/VsTestRunner2/netcoreapp" className="Vector.Api.Tests.Services.PeerInterviewServiceTests" name="SubmitFeedbackAsync_WithInvalidReviewee_ThrowsInvalidOperationException" />
    </UnitTest>
    <UnitTest name="Vector.Api.Tests.Services.PeerInterviewServiceTests.EndInterviewAsync_WithValidSession_EndsSession" storage="c:\users\stanm\source\repos\vecotr\backend\vector.api.tests\bin\debug\net8.0\vector.api.tests.dll" id="ef2e81ed-1584-e339-2254-2b888ce3f1fa">
      <Execution id="a585a2d2-03b5-4a06-b12a-4d5557d817eb" />
      <TestMethod codeBase="C:\Users\stanm\source\repos\Vecotr\backend\Vector.Api.Tests\bin\Debug\net8.0\Vector.Api.Tests.dll" adapterTypeName="executor://xunit/VsTestRunner2/netcoreapp" className="Vector.Api.Tests.Services.PeerInterviewServiceTests" name="EndInterviewAsync_WithValidSession_EndsSession" />
    </UnitTest>
    <UnitTest name="Vector.Api.Tests.Services.PeerInterviewServiceTests.GetScheduledSessionByIdAsync_WithWrongUserId_ReturnsNull" storage="c:\users\stanm\source\repos\vecotr\backend\vector.api.tests\bin\debug\net8.0\vector.api.tests.dll" id="844b019f-5aff-6c56-0d30-e60ab153d20a">
      <Execution id="771b9400-9add-42db-8ce4-acd178098d34" />
      <TestMethod codeBase="C:\Users\stanm\source\repos\Vecotr\backend\Vector.Api.Tests\bin\Debug\net8.0\Vector.Api.Tests.dll" adapterTypeName="executor://xunit/VsTestRunner2/netcoreapp" className="Vector.Api.Tests.Services.PeerInterviewServiceTests" name="GetScheduledSessionByIdAsync_WithWrongUserId_ReturnsNull" />
    </UnitTest>
    <UnitTest name="Vector.Api.Tests.Services.PeerInterviewServiceTests.StartMatchingAsync_WithCancelledSession_ThrowsInvalidOperationException" storage="c:\users\stanm\source\repos\vecotr\backend\vector.api.tests\bin\debug\net8.0\vector.api.tests.dll" id="eeb2828c-1605-99b7-6a2b-8eb5592f25b7">
      <Execution id="a4e33f34-c0f7-4663-93b7-f2bb18075d6c" />
      <TestMethod codeBase="C:\Users\stanm\source\repos\Vecotr\backend\Vector.Api.Tests\bin\Debug\net8.0\Vector.Api.Tests.dll" adapterTypeName="executor://xunit/VsTestRunner2/netcoreapp" className="Vector.Api.Tests.Services.PeerInterviewServiceTests" name="StartMatchingAsync_WithCancelledSession_ThrowsInvalidOperationException" />
    </UnitTest>
    <UnitTest name="Vector.Api.Tests.Services.PeerInterviewServiceTests.SwitchRolesAsync_WithOnlyOneQuestion_DoesNotSwitchQuestion" storage="c:\users\stanm\source\repos\vecotr\backend\vector.api.tests\bin\debug\net8.0\vector.api.tests.dll" id="0ac92a93-3166-87e3-e85a-776616b0a667">
      <Execution id="f288dc64-cbf3-4c69-801a-e8b4c8d89d1f" />
      <TestMethod codeBase="C:\Users\stanm\source\repos\Vecotr\backend\Vector.Api.Tests\bin\Debug\net8.0\Vector.Api.Tests.dll" adapterTypeName="executor://xunit/VsTestRunner2/netcoreapp" className="Vector.Api.Tests.Services.PeerInterviewServiceTests" name="SwitchRolesAsync_WithOnlyOneQuestion_DoesNotSwitchQuestion" />
    </UnitTest>
    <UnitTest name="Vector.Api.Tests.Services.PeerInterviewServiceTests.ChangeQuestionAsync_WithInvalidQuestion_ThrowsKeyNotFoundException" storage="c:\users\stanm\source\repos\vecotr\backend\vector.api.tests\bin\debug\net8.0\vector.api.tests.dll" id="956ddbcb-1209-1d2e-877b-3bc328429973">
      <Execution id="61f0503a-6b2f-4519-9cac-68fdf58bb274" />
      <TestMethod codeBase="C:\Users\stanm\source\repos\Vecotr\backend\Vector.Api.Tests\bin\Debug\net8.0\Vector.Api.Tests.dll" adapterTypeName="executor://xunit/VsTestRunner2/netcoreapp" className="Vector.Api.Tests.Services.PeerInterviewServiceTests" name="ChangeQuestionAsync_WithInvalidQuestion_ThrowsKeyNotFoundException" />
    </UnitTest>
    <UnitTest name="Vector.Api.Tests.Services.PeerInterviewServiceTests.ConfirmMatchAsync_WhenBothConfirm_CreatesLiveSession" storage="c:\users\stanm\source\repos\vecotr\backend\vector.api.tests\bin\debug\net8.0\vector.api.tests.dll" id="94467ae8-59b9-003c-7cf4-6056a1677ae8">
      <Execution id="8fc9cc78-1694-4f63-9add-2bc1ca02d331" />
      <TestMethod codeBase="C:\Users\stanm\source\repos\Vecotr\backend\Vector.Api.Tests\bin\Debug\net8.0\Vector.Api.Tests.dll" adapterTypeName="executor://xunit/VsTestRunner2/netcoreapp" className="Vector.Api.Tests.Services.PeerInterviewServiceTests" name="ConfirmMatchAsync_WhenBothConfirm_CreatesLiveSession" />
    </UnitTest>
    <UnitTest name="Vector.Api.Tests.Services.PeerInterviewServiceTests.StartMatchingAsync_WithDifferentPracticeTypes_DoesNotMatch" storage="c:\users\stanm\source\repos\vecotr\backend\vector.api.tests\bin\debug\net8.0\vector.api.tests.dll" id="10bcc235-9714-c432-3bec-b40281ee84d6">
      <Execution id="b1e4aa90-8e14-46d1-a6f9-35f6d3407372" />
      <TestMethod codeBase="C:\Users\stanm\source\repos\Vecotr\backend\Vector.Api.Tests\bin\Debug\net8.0\Vector.Api.Tests.dll" adapterTypeName="executor://xunit/VsTestRunner2/netcoreapp" className="Vector.Api.Tests.Services.PeerInterviewServiceTests" name="StartMatchingAsync_WithDifferentPracticeTypes_DoesNotMatch" />
    </UnitTest>
    <UnitTest name="Vector.Api.Tests.Services.PeerInterviewServiceTests.StartMatchingAsync_WithValidSession_CreatesMatchingRequest" storage="c:\users\stanm\source\repos\vecotr\backend\vector.api.tests\bin\debug\net8.0\vector.api.tests.dll" id="156168d0-2ba8-0f69-6716-02d08d787d54">
      <Execution id="d2938873-5ba1-425a-900f-82e6262314e0" />
      <TestMethod codeBase="C:\Users\stanm\source\repos\Vecotr\backend\Vector.Api.Tests\bin\Debug\net8.0\Vector.Api.Tests.dll" adapterTypeName="executor://xunit/VsTestRunner2/netcoreapp" className="Vector.Api.Tests.Services.PeerInterviewServiceTests" name="StartMatchingAsync_WithValidSession_CreatesMatchingRequest" />
    </UnitTest>
    <UnitTest name="Vector.Api.Tests.Services.PeerInterviewServiceTests.ConfirmMatchAsync_WithInvalidRequest_ThrowsKeyNotFoundException" storage="c:\users\stanm\source\repos\vecotr\backend\vector.api.tests\bin\debug\net8.0\vector.api.tests.dll" id="b058dbff-f2dc-005c-1ad9-1da81376118f">
      <Execution id="a01e4c8c-4df5-489c-bc0b-2e591b1b8ecc" />
      <TestMethod codeBase="C:\Users\stanm\source\repos\Vecotr\backend\Vector.Api.Tests\bin\Debug\net8.0\Vector.Api.Tests.dll" adapterTypeName="executor://xunit/VsTestRunner2/netcoreapp" className="Vector.Api.Tests.Services.PeerInterviewServiceTests" name="ConfirmMatchAsync_WithInvalidRequest_ThrowsKeyNotFoundException" />
    </UnitTest>
    <UnitTest name="Vector.Api.Tests.Services.PeerInterviewServiceTests.SubmitFeedbackAsync_WithExistingFeedback_UpdatesFeedback" storage="c:\users\stanm\source\repos\vecotr\backend\vector.api.tests\bin\debug\net8.0\vector.api.tests.dll" id="02397892-8bf1-705d-fa1a-b80589a9874b">
      <Execution id="24e9d073-4af2-42a2-a9d0-23d35416988f" />
      <TestMethod codeBase="C:\Users\stanm\source\repos\Vecotr\backend\Vector.Api.Tests\bin\Debug\net8.0\Vector.Api.Tests.dll" adapterTypeName="executor://xunit/VsTestRunner2/netcoreapp" className="Vector.Api.Tests.Services.PeerInterviewServiceTests" name="SubmitFeedbackAsync_WithExistingFeedback_UpdatesFeedback" />
    </UnitTest>
    <UnitTest name="Vector.Api.Tests.Services.PeerInterviewServiceTests.GetFeedbackForSessionAsync_WithUserNotInSession_ThrowsUnauthorizedAccessException" storage="c:\users\stanm\source\repos\vecotr\backend\vector.api.tests\bin\debug\net8.0\vector.api.tests.dll" id="118f4cb2-b141-5759-d197-70c8f88f5ff1">
      <Execution id="6e7fd884-49bc-4153-9630-b007a171557e" />
      <TestMethod codeBase="C:\Users\stanm\source\repos\Vecotr\backend\Vector.Api.Tests\bin\Debug\net8.0\Vector.Api.Tests.dll" adapterTypeName="executor://xunit/VsTestRunner2/netcoreapp" className="Vector.Api.Tests.Services.PeerInterviewServiceTests" name="GetFeedbackForSessionAsync_WithUserNotInSession_ThrowsUnauthorizedAccessException" />
    </UnitTest>
    <UnitTest name="Vector.Api.Tests.Services.PeerInterviewServiceTests.GetScheduledSessionByIdAsync_WithInvalidId_ReturnsNull" storage="c:\users\stanm\source\repos\vecotr\backend\vector.api.tests\bin\debug\net8.0\vector.api.tests.dll" id="d028d019-a7e6-df58-2dc9-62f1a6c1e5ed">
      <Execution id="5f139185-d792-492b-9aff-b2a51eec6cc5" />
      <TestMethod codeBase="C:\Users\stanm\source\repos\Vecotr\backend\Vector.Api.Tests\bin\Debug\net8.0\Vector.Api.Tests.dll" adapterTypeName="executor://xunit/VsTestRunner2/netcoreapp" className="Vector.Api.Tests.Services.PeerInterviewServiceTests" name="GetScheduledSessionByIdAsync_WithInvalidId_ReturnsNull" />
    </UnitTest>
    <UnitTest name="Vector.Api.Tests.Services.PeerInterviewServiceTests.ExpireMatchIfNotConfirmedAsync_WithConfirmedRequest_ReturnsFalse" storage="c:\users\stanm\source\repos\vecotr\backend\vector.api.tests\bin\debug\net8.0\vector.api.tests.dll" id="41032785-28da-f422-0eca-e553ca40d66a">
      <Execution id="4531506f-5495-4644-86bb-75959fa1a4b3" />
      <TestMethod codeBase="C:\Users\stanm\source\repos\Vecotr\backend\Vector.Api.Tests\bin\Debug\net8.0\Vector.Api.Tests.dll" adapterTypeName="executor://xunit/VsTestRunner2/netcoreapp" className="Vector.Api.Tests.Services.PeerInterviewServiceTests" name="ExpireMatchIfNotConfirmedAsync_WithConfirmedRequest_ReturnsFalse" />
    </UnitTest>
    <UnitTest name="Vector.Api.Tests.Services.PeerInterviewServiceTests.StartMatchingAsync_WithExistingPendingRequest_ReusesRequest" storage="c:\users\stanm\source\repos\vecotr\backend\vector.api.tests\bin\debug\net8.0\vector.api.tests.dll" id="3e5216a7-36ae-08fd-ad12-528dea98705f">
      <Execution id="e85555b5-fd5f-4463-8a9c-782fd669a96f" />
      <TestMethod codeBase="C:\Users\stanm\source\repos\Vecotr\backend\Vector.Api.Tests\bin\Debug\net8.0\Vector.Api.Tests.dll" adapterTypeName="executor://xunit/VsTestRunner2/netcoreapp" className="Vector.Api.Tests.Services.PeerInterviewServiceTests" name="StartMatchingAsync_WithExistingPendingRequest_ReusesRequest" />
    </UnitTest>
    <UnitTest name="Vector.Api.Tests.Services.PeerInterviewServiceTests.CancelScheduledSessionAsync_WithAlreadyCancelled_StillReturnsTrue" storage="c:\users\stanm\source\repos\vecotr\backend\vector.api.tests\bin\debug\net8.0\vector.api.tests.dll" id="d3ca2b6c-6732-a04e-8be9-294f0070af73">
      <Execution id="a5cc20ce-cd05-4b15-9408-cba595388cae" />
      <TestMethod codeBase="C:\Users\stanm\source\repos\Vecotr\backend\Vector.Api.Tests\bin\Debug\net8.0\Vector.Api.Tests.dll" adapterTypeName="executor://xunit/VsTestRunner2/netcoreapp" className="Vector.Api.Tests.Services.PeerInterviewServiceTests" name="CancelScheduledSessionAsync_WithAlreadyCancelled_StillReturnsTrue" />
    </UnitTest>
    <UnitTest name="Vector.Api.Tests.Services.PeerInterviewServiceTests.EndInterviewAsync_WithCompletedSession_StillWorks" storage="c:\users\stanm\source\repos\vecotr\backend\vector.api.tests\bin\debug\net8.0\vector.api.tests.dll" id="9233bb38-eaff-5608-6ef2-486cb2c211d1">
      <Execution id="076c1317-537e-4413-bae3-074f366bf4e2" />
      <TestMethod codeBase="C:\Users\stanm\source\repos\Vecotr\backend\Vector.Api.Tests\bin\Debug\net8.0\Vector.Api.Tests.dll" adapterTypeName="executor://xunit/VsTestRunner2/netcoreapp" className="Vector.Api.Tests.Services.PeerInterviewServiceTests" name="EndInterviewAsync_WithCompletedSession_StillWorks" />
    </UnitTest>
    <UnitTest name="Vector.Api.Tests.Services.PeerInterviewServiceTests.GetMatchingStatusAsync_WithNoRequest_ReturnsNull" storage="c:\users\stanm\source\repos\vecotr\backend\vector.api.tests\bin\debug\net8.0\vector.api.tests.dll" id="26bb9b7d-6c3c-0a66-b4f6-55e18017cc05">
      <Execution id="72124913-cbb9-4fbf-aa7e-2e0c40f0048e" />
      <TestMethod codeBase="C:\Users\stanm\source\repos\Vecotr\backend\Vector.Api.Tests\bin\Debug\net8.0\Vector.Api.Tests.dll" adapterTypeName="executor://xunit/VsTestRunner2/netcoreapp" className="Vector.Api.Tests.Services.PeerInterviewServiceTests" name="GetMatchingStatusAsync_WithNoRequest_ReturnsNull" />
    </UnitTest>
    <UnitTest name="Vector.Api.Tests.Services.PeerInterviewServiceTests.GetMatchingStatusAsync_WithExpiredRequest_ReturnsNull" storage="c:\users\stanm\source\repos\vecotr\backend\vector.api.tests\bin\debug\net8.0\vector.api.tests.dll" id="ca8650bd-e22f-b681-a348-a3481e9eeff7">
      <Execution id="84155943-a005-49e7-bdb5-b1ca4407f68a" />
      <TestMethod codeBase="C:\Users\stanm\source\repos\Vecotr\backend\Vector.Api.Tests\bin\Debug\net8.0\Vector.Api.Tests.dll" adapterTypeName="executor://xunit/VsTestRunner2/netcoreapp" className="Vector.Api.Tests.Services.PeerInterviewServiceTests" name="GetMatchingStatusAsync_WithExpiredRequest_ReturnsNull" />
    </UnitTest>
    <UnitTest name="Vector.Api.Tests.Services.PeerInterviewServiceTests.GetUpcomingSessionsAsync_WithNoSessions_ReturnsEmpty" storage="c:\users\stanm\source\repos\vecotr\backend\vector.api.tests\bin\debug\net8.0\vector.api.tests.dll" id="9fa1b70d-46b5-cb76-3da6-9ce56f58e378">
      <Execution id="dd0db616-8c95-4e8d-bea7-6ae8d84d9239" />
      <TestMethod codeBase="C:\Users\stanm\source\repos\Vecotr\backend\Vector.Api.Tests\bin\Debug\net8.0\Vector.Api.Tests.dll" adapterTypeName="executor://xunit/VsTestRunner2/netcoreapp" className="Vector.Api.Tests.Services.PeerInterviewServiceTests" name="GetUpcomingSessionsAsync_WithNoSessions_ReturnsEmpty" />
    </UnitTest>
    <UnitTest name="Vector.Api.Tests.Services.PeerInterviewServiceTests.GetFeedbackAsync_WithUserNotInSession_ThrowsUnauthorizedAccessException" storage="c:\users\stanm\source\repos\vecotr\backend\vector.api.tests\bin\debug\net8.0\vector.api.tests.dll" id="bde3b93d-4884-fcbd-be58-fe02ee274051">
      <Execution id="3ae78a7d-72ca-46f4-9bed-9c8e778da986" />
      <TestMethod codeBase="C:\Users\stanm\source\repos\Vecotr\backend\Vector.Api.Tests\bin\Debug\net8.0\Vector.Api.Tests.dll" adapterTypeName="executor://xunit/VsTestRunner2/netcoreapp" className="Vector.Api.Tests.Services.PeerInterviewServiceTests" name="GetFeedbackAsync_WithUserNotInSession_ThrowsUnauthorizedAccessException" />
    </UnitTest>
    <UnitTest name="Vector.Api.Tests.Services.PeerInterviewServiceTests.SubmitFeedbackAsync_WithSelfAsReviewee_ThrowsInvalidOperationException" storage="c:\users\stanm\source\repos\vecotr\backend\vector.api.tests\bin\debug\net8.0\vector.api.tests.dll" id="5b3d59a5-13f5-7790-2e0a-8507aba14ff9">
      <Execution id="7f8bd319-8918-4834-8407-6cb9e99770e7" />
      <TestMethod codeBase="C:\Users\stanm\source\repos\Vecotr\backend\Vector.Api.Tests\bin\Debug\net8.0\Vector.Api.Tests.dll" adapterTypeName="executor://xunit/VsTestRunner2/netcoreapp" className="Vector.Api.Tests.Services.PeerInterviewServiceTests" name="SubmitFeedbackAsync_WithSelfAsReviewee_ThrowsInvalidOperationException" />
    </UnitTest>
    <UnitTest name="Vector.Api.Tests.Services.PeerInterviewServiceTests.ChangeQuestionAsync_WithNullQuestionId_SelectsRandomQuestion" storage="c:\users\stanm\source\repos\vecotr\backend\vector.api.tests\bin\debug\net8.0\vector.api.tests.dll" id="fc58ae7b-7b1d-4190-e354-c4cdfa567bba">
      <Execution id="47f7d1e1-3710-4d42-ad9f-0c597f5d0d74" />
      <TestMethod codeBase="C:\Users\stanm\source\repos\Vecotr\backend\Vector.Api.Tests\bin\Debug\net8.0\Vector.Api.Tests.dll" adapterTypeName="executor://xunit/VsTestRunner2/netcoreapp" className="Vector.Api.Tests.Services.PeerInterviewServiceTests" name="ChangeQuestionAsync_WithNullQuestionId_SelectsRandomQuestion" />
    </UnitTest>
    <UnitTest name="Vector.Api.Tests.Services.PeerInterviewServiceTests.GetFeedbackAsync_WithInvalidId_ReturnsNull" storage="c:\users\stanm\source\repos\vecotr\backend\vector.api.tests\bin\debug\net8.0\vector.api.tests.dll" id="aa14c43c-9cb1-d2d9-f9c7-8495a52b67ce">
      <Execution id="fe9312ca-1df6-4c86-9ea4-d6d6e0f6727e" />
      <TestMethod codeBase="C:\Users\stanm\source\repos\Vecotr\backend\Vector.Api.Tests\bin\Debug\net8.0\Vector.Api.Tests.dll" adapterTypeName="executor://xunit/VsTestRunner2/netcoreapp" className="Vector.Api.Tests.Services.PeerInterviewServiceTests" name="GetFeedbackAsync_WithInvalidId_ReturnsNull" />
    </UnitTest>
    <UnitTest name="Vector.Api.Tests.Services.PeerInterviewServiceTests.SwitchRolesAsync_WithValidSession_SwapsRoles" storage="c:\users\stanm\source\repos\vecotr\backend\vector.api.tests\bin\debug\net8.0\vector.api.tests.dll" id="71a8ae7d-442e-733d-b68c-88129d90e99e">
      <Execution id="7a7a64ec-a81b-4a31-93e4-0a2c994a0ad6" />
      <TestMethod codeBase="C:\Users\stanm\source\repos\Vecotr\backend\Vector.Api.Tests\bin\Debug\net8.0\Vector.Api.Tests.dll" adapterTypeName="executor://xunit/VsTestRunner2/netcoreapp" className="Vector.Api.Tests.Services.PeerInterviewServiceTests" name="SwitchRolesAsync_WithValidSession_SwapsRoles" />
    </UnitTest>
    <UnitTest name="Vector.Api.Tests.Services.PeerInterviewServiceTests.GetFeedbackAsync_WithValidId_ReturnsFeedback" storage="c:\users\stanm\source\repos\vecotr\backend\vector.api.tests\bin\debug\net8.0\vector.api.tests.dll" id="10c0e92c-eaa8-9569-61db-af87d7dff152">
      <Execution id="9b2710ae-3d8b-4aae-bbba-cff18b5edaa1" />
      <TestMethod codeBase="C:\Users\stanm\source\repos\Vecotr\backend\Vector.Api.Tests\bin\Debug\net8.0\Vector.Api.Tests.dll" adapterTypeName="executor://xunit/VsTestRunner2/netcoreapp" className="Vector.Api.Tests.Services.PeerInterviewServiceTests" name="GetFeedbackAsync_WithValidId_ReturnsFeedback" />
    </UnitTest>
    <UnitTest name="Vector.Api.Tests.Services.PeerInterviewServiceTests.ExpireMatchIfNotConfirmedAsync_WithExpiredRequest_ExpiresMatch" storage="c:\users\stanm\source\repos\vecotr\backend\vector.api.tests\bin\debug\net8.0\vector.api.tests.dll" id="a3babf01-12ec-4830-c6dd-34f39d0016dc">
      <Execution id="c1565454-1554-4099-924b-d6e6c023781e" />
      <TestMethod codeBase="C:\Users\stanm\source\repos\Vecotr\backend\Vector.Api.Tests\bin\Debug\net8.0\Vector.Api.Tests.dll" adapterTypeName="executor://xunit/VsTestRunner2/netcoreapp" className="Vector.Api.Tests.Services.PeerInterviewServiceTests" name="ExpireMatchIfNotConfirmedAsync_WithExpiredRequest_ExpiresMatch" />
    </UnitTest>
    <UnitTest name="Vector.Api.Tests.Services.PeerInterviewServiceTests.GetLiveSessionByIdAsync_WithValidSession_ReturnsSession" storage="c:\users\stanm\source\repos\vecotr\backend\vector.api.tests\bin\debug\net8.0\vector.api.tests.dll" id="bc09114f-a834-8d5a-d7c9-7abb763a9e06">
      <Execution id="dce48c43-f3e0-4090-ad49-546a68288ce8" />
      <TestMethod codeBase="C:\Users\stanm\source\repos\Vecotr\backend\Vector.Api.Tests\bin\Debug\net8.0\Vector.Api.Tests.dll" adapterTypeName="executor://xunit/VsTestRunner2/netcoreapp" className="Vector.Api.Tests.Services.PeerInterviewServiceTests" name="GetLiveSessionByIdAsync_WithValidSession_ReturnsSession" />
    </UnitTest>
    <UnitTest name="Vector.Api.Tests.Services.PeerInterviewServiceTests.GetUpcomingSessionsAsync_WithFutureSessions_ReturnsOnlyFuture" storage="c:\users\stanm\source\repos\vecotr\backend\vector.api.tests\bin\debug\net8.0\vector.api.tests.dll" id="5ed7f4b9-960d-f5e0-e2d4-95fe45467e46">
      <Execution id="827824fe-0eca-4b41-b68a-4d6209ccdb39" />
      <TestMethod codeBase="C:\Users\stanm\source\repos\Vecotr\backend\Vector.Api.Tests\bin\Debug\net8.0\Vector.Api.Tests.dll" adapterTypeName="executor://xunit/VsTestRunner2/netcoreapp" className="Vector.Api.Tests.Services.PeerInterviewServiceTests" name="GetUpcomingSessionsAsync_WithFutureSessions_ReturnsOnlyFuture" />
    </UnitTest>
    <UnitTest name="Vector.Api.Tests.Services.PeerInterviewServiceTests.ConfirmMatchAsync_WhenAlreadyConfirmed_ReturnsResponse" storage="c:\users\stanm\source\repos\vecotr\backend\vector.api.tests\bin\debug\net8.0\vector.api.tests.dll" id="c57e610b-3fd9-bd62-e75d-373a3882c024">
      <Execution id="b961bd0c-29f7-44ad-af97-ccc0c83df062" />
      <TestMethod codeBase="C:\Users\stanm\source\repos\Vecotr\backend\Vector.Api.Tests\bin\Debug\net8.0\Vector.Api.Tests.dll" adapterTypeName="executor://xunit/VsTestRunner2/netcoreapp" className="Vector.Api.Tests.Services.PeerInterviewServiceTests" name="ConfirmMatchAsync_WhenAlreadyConfirmed_ReturnsResponse" />
    </UnitTest>
    <UnitTest name="Vector.Api.Tests.Services.PeerInterviewServiceTests.SwitchRolesAsync_WithUserNotInSession_ThrowsUnauthorizedAccessException" storage="c:\users\stanm\source\repos\vecotr\backend\vector.api.tests\bin\debug\net8.0\vector.api.tests.dll" id="6e39ffca-e570-8d97-f5a4-813612638afd">
      <Execution id="7b15c4c7-d869-48fd-9a4e-a079e9cec397" />
      <TestMethod codeBase="C:\Users\stanm\source\repos\Vecotr\backend\Vector.Api.Tests\bin\Debug\net8.0\Vector.Api.Tests.dll" adapterTypeName="executor://xunit/VsTestRunner2/netcoreapp" className="Vector.Api.Tests.Services.PeerInterviewServiceTests" name="SwitchRolesAsync_WithUserNotInSession_ThrowsUnauthorizedAccessException" />
    </UnitTest>
    <UnitTest name="Vector.Api.Tests.Services.PeerInterviewServiceTests.GetMatchingStatusAsync_WithValidRequest_ReturnsStatus" storage="c:\users\stanm\source\repos\vecotr\backend\vector.api.tests\bin\debug\net8.0\vector.api.tests.dll" id="382b5d25-ced7-c099-6533-dd7d04441b7e">
      <Execution id="4c7d12bc-cdd5-4d84-a3ee-af96289482bd" />
      <TestMethod codeBase="C:\Users\stanm\source\repos\Vecotr\backend\Vector.Api.Tests\bin\Debug\net8.0\Vector.Api.Tests.dll" adapterTypeName="executor://xunit/VsTestRunner2/netcoreapp" className="Vector.Api.Tests.Services.PeerInterviewServiceTests" name="GetMatchingStatusAsync_WithValidRequest_ReturnsStatus" />
    </UnitTest>
    <UnitTest name="Vector.Api.Tests.Services.PeerInterviewServiceTests.CancelScheduledSessionAsync_WithWrongUserId_ReturnsFalse" storage="c:\users\stanm\source\repos\vecotr\backend\vector.api.tests\bin\debug\net8.0\vector.api.tests.dll" id="916f71d6-9d7e-7d4b-bdfa-4483bc62282c">
      <Execution id="a7ed577f-8a4a-4c10-9ff5-6ccc94788057" />
      <TestMethod codeBase="C:\Users\stanm\source\repos\Vecotr\backend\Vector.Api.Tests\bin\Debug\net8.0\Vector.Api.Tests.dll" adapterTypeName="executor://xunit/VsTestRunner2/netcoreapp" className="Vector.Api.Tests.Services.PeerInterviewServiceTests" name="CancelScheduledSessionAsync_WithWrongUserId_ReturnsFalse" />
    </UnitTest>
    <UnitTest name="Vector.Api.Tests.Services.PeerInterviewServiceTests.GetUpcomingSessionsAsync_ExcludesCancelledSessions" storage="c:\users\stanm\source\repos\vecotr\backend\vector.api.tests\bin\debug\net8.0\vector.api.tests.dll" id="2d41a5f4-597a-8c16-b484-67a55d8f741b">
      <Execution id="6e3a26bb-5e89-49a6-a60a-792856a5b604" />
      <TestMethod codeBase="C:\Users\stanm\source\repos\Vecotr\backend\Vector.Api.Tests\bin\Debug\net8.0\Vector.Api.Tests.dll" adapterTypeName="executor://xunit/VsTestRunner2/netcoreapp" className="Vector.Api.Tests.Services.PeerInterviewServiceTests" name="GetUpcomingSessionsAsync_ExcludesCancelledSessions" />
    </UnitTest>
    <UnitTest name="Vector.Api.Tests.Services.PeerInterviewServiceTests.CancelScheduledSessionAsync_WithValidId_CancelsSession" storage="c:\users\stanm\source\repos\vecotr\backend\vector.api.tests\bin\debug\net8.0\vector.api.tests.dll" id="d1b5a403-a671-be6f-8683-ce9811ac82cc">
      <Execution id="63e61f42-fca5-4674-9cc5-98a4c8e04d12" />
      <TestMethod codeBase="C:\Users\stanm\source\repos\Vecotr\backend\Vector.Api.Tests\bin\Debug\net8.0\Vector.Api.Tests.dll" adapterTypeName="executor://xunit/VsTestRunner2/netcoreapp" className="Vector.Api.Tests.Services.PeerInterviewServiceTests" name="CancelScheduledSessionAsync_WithValidId_CancelsSession" />
    </UnitTest>
    <UnitTest name="Vector.Api.Tests.Services.PeerInterviewServiceTests.ConfirmMatchAsync_WithNotMatchedStatus_ThrowsInvalidOperationException" storage="c:\users\stanm\source\repos\vecotr\backend\vector.api.tests\bin\debug\net8.0\vector.api.tests.dll" id="f11e843e-df81-0688-279a-6544de35571c">
      <Execution id="b2d282e6-fe63-4a46-b4eb-c00c2d2bffc7" />
      <TestMethod codeBase="C:\Users\stanm\source\repos\Vecotr\backend\Vector.Api.Tests\bin\Debug\net8.0\Vector.Api.Tests.dll" adapterTypeName="executor://xunit/VsTestRunner2/netcoreapp" className="Vector.Api.Tests.Services.PeerInterviewServiceTests" name="ConfirmMatchAsync_WithNotMatchedStatus_ThrowsInvalidOperationException" />
    </UnitTest>
    <UnitTest name="Vector.Api.Tests.Services.PeerInterviewServiceTests.GetFeedbackForSessionAsync_WithNoFeedback_ReturnsEmptyList" storage="c:\users\stanm\source\repos\vecotr\backend\vector.api.tests\bin\debug\net8.0\vector.api.tests.dll" id="e39006e6-4a36-807c-9a00-a919304dd32b">
      <Execution id="0ebf0c30-1e0d-4be8-8bd9-9be4f4c8fab6" />
      <TestMethod codeBase="C:\Users\stanm\source\repos\Vecotr\backend\Vector.Api.Tests\bin\Debug\net8.0\Vector.Api.Tests.dll" adapterTypeName="executor://xunit/VsTestRunner2/netcoreapp" className="Vector.Api.Tests.Services.PeerInterviewServiceTests" name="GetFeedbackForSessionAsync_WithNoFeedback_ReturnsEmptyList" />
    </UnitTest>
    <UnitTest name="Vector.Api.Tests.Services.PeerInterviewServiceTests.SwitchRolesAsync_WithTwoQuestions_SwitchesActiveQuestion" storage="c:\users\stanm\source\repos\vecotr\backend\vector.api.tests\bin\debug\net8.0\vector.api.tests.dll" id="d547a297-72ed-a93b-8195-490350b71110">
      <Execution id="f77aa6ee-a15c-48ed-931e-6555c1abc22f" />
      <TestMethod codeBase="C:\Users\stanm\source\repos\Vecotr\backend\Vector.Api.Tests\bin\Debug\net8.0\Vector.Api.Tests.dll" adapterTypeName="executor://xunit/VsTestRunner2/netcoreapp" className="Vector.Api.Tests.Services.PeerInterviewServiceTests" name="SwitchRolesAsync_WithTwoQuestions_SwitchesActiveQuestion" />
    </UnitTest>
    <UnitTest name="Vector.Api.Tests.Services.PeerInterviewServiceTests.ChangeQuestionAsync_AsInterviewer_ChangesQuestion" storage="c:\users\stanm\source\repos\vecotr\backend\vector.api.tests\bin\debug\net8.0\vector.api.tests.dll" id="20e89d27-0925-a17a-07f8-c50987d233d6">
      <Execution id="9ad49474-f502-4b73-8a37-a85f12c8bd6a" />
      <TestMethod codeBase="C:\Users\stanm\source\repos\Vecotr\backend\Vector.Api.Tests\bin\Debug\net8.0\Vector.Api.Tests.dll" adapterTypeName="executor://xunit/VsTestRunner2/netcoreapp" className="Vector.Api.Tests.Services.PeerInterviewServiceTests" name="ChangeQuestionAsync_AsInterviewer_ChangesQuestion" />
    </UnitTest>
    <UnitTest name="Vector.Api.Tests.Services.PeerInterviewServiceTests.GetFeedbackForSessionAsync_WithFeedback_ReturnsFeedbackAboutUser" storage="c:\users\stanm\source\repos\vecotr\backend\vector.api.tests\bin\debug\net8.0\vector.api.tests.dll" id="6505630d-792c-7273-f6c0-be997e86479e">
      <Execution id="ff491338-0879-4618-a4f0-92f9b7c417bd" />
      <TestMethod codeBase="C:\Users\stanm\source\repos\Vecotr\backend\Vector.Api.Tests\bin\Debug\net8.0\Vector.Api.Tests.dll" adapterTypeName="executor://xunit/VsTestRunner2/netcoreapp" className="Vector.Api.Tests.Services.PeerInterviewServiceTests" name="GetFeedbackForSessionAsync_WithFeedback_ReturnsFeedbackAboutUser" />
    </UnitTest>
    <UnitTest name="Vector.Api.Tests.Services.PeerInterviewServiceTests.ConfirmMatchAsync_WithValidRequest_MarksAsConfirmed" storage="c:\users\stanm\source\repos\vecotr\backend\vector.api.tests\bin\debug\net8.0\vector.api.tests.dll" id="4d072d89-7867-d573-512b-240b3f2642c1">
      <Execution id="18b57cbb-b241-4ad3-b828-65b6318ec206" />
      <TestMethod codeBase="C:\Users\stanm\source\repos\Vecotr\backend\Vector.Api.Tests\bin\Debug\net8.0\Vector.Api.Tests.dll" adapterTypeName="executor://xunit/VsTestRunner2/netcoreapp" className="Vector.Api.Tests.Services.PeerInterviewServiceTests" name="ConfirmMatchAsync_WithValidRequest_MarksAsConfirmed" />
    </UnitTest>
    <UnitTest name="Vector.Api.Tests.Services.PeerInterviewServiceTests.GetScheduledSessionByIdAsync_WithValidId_ReturnsSession" storage="c:\users\stanm\source\repos\vecotr\backend\vector.api.tests\bin\debug\net8.0\vector.api.tests.dll" id="adf0f5d5-ce53-2a6b-f3c1-d09faf2b5b21">
      <Execution id="305ddba4-a44a-4dd8-b0e5-1369a6cb4acc" />
      <TestMethod codeBase="C:\Users\stanm\source\repos\Vecotr\backend\Vector.Api.Tests\bin\Debug\net8.0\Vector.Api.Tests.dll" adapterTypeName="executor://xunit/VsTestRunner2/netcoreapp" className="Vector.Api.Tests.Services.PeerInterviewServiceTests" name="GetScheduledSessionByIdAsync_WithValidId_ReturnsSession" />
    </UnitTest>
    <UnitTest name="Vector.Api.Tests.Services.PeerInterviewServiceTests.ChangeQuestionAsync_AsInterviewee_ThrowsUnauthorizedAccessException" storage="c:\users\stanm\source\repos\vecotr\backend\vector.api.tests\bin\debug\net8.0\vector.api.tests.dll" id="26234926-ec06-370b-fae0-c67ca271e446">
      <Execution id="0b0f339a-b126-41f8-9dda-026111919735" />
      <TestMethod codeBase="C:\Users\stanm\source\repos\Vecotr\backend\Vector.Api.Tests\bin\Debug\net8.0\Vector.Api.Tests.dll" adapterTypeName="executor://xunit/VsTestRunner2/netcoreapp" className="Vector.Api.Tests.Services.PeerInterviewServiceTests" name="ChangeQuestionAsync_AsInterviewee_ThrowsUnauthorizedAccessException" />
    </UnitTest>
    <UnitTest name="Vector.Api.Tests.Services.PeerInterviewServiceTests.SubmitFeedbackAsync_WithUserNotInSession_ThrowsUnauthorizedAccessException" storage="c:\users\stanm\source\repos\vecotr\backend\vector.api.tests\bin\debug\net8.0\vector.api.tests.dll" id="4d88a5f9-a2f9-e73c-f188-8868a8679efb">
      <Execution id="1808e344-e12e-47ea-b03e-b71c05babc8f" />
      <TestMethod codeBase="C:\Users\stanm\source\repos\Vecotr\backend\Vector.Api.Tests\bin\Debug\net8.0\Vector.Api.Tests.dll" adapterTypeName="executor://xunit/VsTestRunner2/netcoreapp" className="Vector.Api.Tests.Services.PeerInterviewServiceTests" name="SubmitFeedbackAsync_WithUserNotInSession_ThrowsUnauthorizedAccessException" />
    </UnitTest>
    <UnitTest name="Vector.Api.Tests.Services.PeerInterviewServiceTests.StartMatchingAsync_WithInvalidSession_ThrowsKeyNotFoundException" storage="c:\users\stanm\source\repos\vecotr\backend\vector.api.tests\bin\debug\net8.0\vector.api.tests.dll" id="a298cdb6-83f3-ca75-a3f5-43135a8b5c85">
      <Execution id="5216df1f-96a9-4393-a70d-dc9d84652181" />
      <TestMethod codeBase="C:\Users\stanm\source\repos\Vecotr\backend\Vector.Api.Tests\bin\Debug\net8.0\Vector.Api.Tests.dll" adapterTypeName="executor://xunit/VsTestRunner2/netcoreapp" className="Vector.Api.Tests.Services.PeerInterviewServiceTests" name="StartMatchingAsync_WithInvalidSession_ThrowsKeyNotFoundException" />
    </UnitTest>
    <UnitTest name="Vector.Api.Tests.Services.PeerInterviewServiceTests.EndInterviewAsync_WithUserNotInSession_ThrowsUnauthorizedAccessException" storage="c:\users\stanm\source\repos\vecotr\backend\vector.api.tests\bin\debug\net8.0\vector.api.tests.dll" id="ce5c12d8-bbe0-4a15-c038-052466f841ad">
      <Execution id="785dde06-bd93-4e18-b0a3-98cd33190118" />
      <TestMethod codeBase="C:\Users\stanm\source\repos\Vecotr\backend\Vector.Api.Tests\bin\Debug\net8.0\Vector.Api.Tests.dll" adapterTypeName="executor://xunit/VsTestRunner2/netcoreapp" className="Vector.Api.Tests.Services.PeerInterviewServiceTests" name="EndInterviewAsync_WithUserNotInSession_ThrowsUnauthorizedAccessException" />
    </UnitTest>
    <UnitTest name="Vector.Api.Tests.Services.PeerInterviewServiceTests.CancelScheduledSessionAsync_WithInvalidId_ReturnsFalse" storage="c:\users\stanm\source\repos\vecotr\backend\vector.api.tests\bin\debug\net8.0\vector.api.tests.dll" id="43340d65-acae-bf28-230d-1c8474977aa3">
      <Execution id="5f6cd155-1f22-42c8-8acf-a23d774d7425" />
      <TestMethod codeBase="C:\Users\stanm\source\repos\Vecotr\backend\Vector.Api.Tests\bin\Debug\net8.0\Vector.Api.Tests.dll" adapterTypeName="executor://xunit/VsTestRunner2/netcoreapp" className="Vector.Api.Tests.Services.PeerInterviewServiceTests" name="CancelScheduledSessionAsync_WithInvalidId_ReturnsFalse" />
    </UnitTest>
    <UnitTest name="Vector.Api.Tests.Services.PeerInterviewServiceTests.ScheduleInterviewSessionAsync_WithValidData_CreatesSession" storage="c:\users\stanm\source\repos\vecotr\backend\vector.api.tests\bin\debug\net8.0\vector.api.tests.dll" id="99d216e7-0d3c-2784-3c10-fcadcbfe02e8">
      <Execution id="95b7e778-7d78-4ee8-ab02-3c3c50fc29b8" />
      <TestMethod codeBase="C:\Users\stanm\source\repos\Vecotr\backend\Vector.Api.Tests\bin\Debug\net8.0\Vector.Api.Tests.dll" adapterTypeName="executor://xunit/VsTestRunner2/netcoreapp" className="Vector.Api.Tests.Services.PeerInterviewServiceTests" name="ScheduleInterviewSessionAsync_WithValidData_CreatesSession" />
    </UnitTest>
    <UnitTest name="Vector.Api.Tests.Services.PeerInterviewServiceTests.ScheduleInterviewSessionAsync_WithPastDate_StillCreatesSession" storage="c:\users\stanm\source\repos\vecotr\backend\vector.api.tests\bin\debug\net8.0\vector.api.tests.dll" id="8c69e763-bc77-896c-a76f-3c0dc30e0c53">
      <Execution id="17844fb2-ea6b-4cd9-be61-4eac67d56271" />
      <TestMethod codeBase="C:\Users\stanm\source\repos\Vecotr\backend\Vector.Api.Tests\bin\Debug\net8.0\Vector.Api.Tests.dll" adapterTypeName="executor://xunit/VsTestRunner2/netcoreapp" className="Vector.Api.Tests.Services.PeerInterviewServiceTests" name="ScheduleInterviewSessionAsync_WithPastDate_StillCreatesSession" />
    </UnitTest>
    <UnitTest name="Vector.Api.Tests.Services.PeerInterviewServiceTests.SubmitFeedbackAsync_WithValidData_CreatesFeedback" storage="c:\users\stanm\source\repos\vecotr\backend\vector.api.tests\bin\debug\net8.0\vector.api.tests.dll" id="053459c4-9a8f-d5c8-12cb-b3e169da5e46">
      <Execution id="a4fac7e7-2cb0-466a-b333-2d6b3574d745" />
      <TestMethod codeBase="C:\Users\stanm\source\repos\Vecotr\backend\Vector.Api.Tests\bin\Debug\net8.0\Vector.Api.Tests.dll" adapterTypeName="executor://xunit/VsTestRunner2/netcoreapp" className="Vector.Api.Tests.Services.PeerInterviewServiceTests" name="SubmitFeedbackAsync_WithValidData_CreatesFeedback" />
    </UnitTest>
    <UnitTest name="Vector.Api.Tests.Services.PeerInterviewServiceTests.StartMatchingAsync_WithDifferentInterviewTypes_DoesNotMatch" storage="c:\users\stanm\source\repos\vecotr\backend\vector.api.tests\bin\debug\net8.0\vector.api.tests.dll" id="3b24562c-b8c4-6f80-cad2-1cd11327b33b">
      <Execution id="dac103ba-dd64-44df-87b7-098bcae46e29" />
      <TestMethod codeBase="C:\Users\stanm\source\repos\Vecotr\backend\Vector.Api.Tests\bin\Debug\net8.0\Vector.Api.Tests.dll" adapterTypeName="executor://xunit/VsTestRunner2/netcoreapp" className="Vector.Api.Tests.Services.PeerInterviewServiceTests" name="StartMatchingAsync_WithDifferentInterviewTypes_DoesNotMatch" />
    </UnitTest>
    <UnitTest name="Vector.Api.Tests.Services.PeerInterviewServiceTests.GetLiveSessionByIdAsync_WithUserNotInSession_ThrowsUnauthorizedAccessException" storage="c:\users\stanm\source\repos\vecotr\backend\vector.api.tests\bin\debug\net8.0\vector.api.tests.dll" id="766417f6-0ddd-be3e-37dc-63b36c075ad4">
      <Execution id="1b895bcc-9e2b-476d-a2e1-96661fc4e922" />
      <TestMethod codeBase="C:\Users\stanm\source\repos\Vecotr\backend\Vector.Api.Tests\bin\Debug\net8.0\Vector.Api.Tests.dll" adapterTypeName="executor://xunit/VsTestRunner2/netcoreapp" className="Vector.Api.Tests.Services.PeerInterviewServiceTests" name="GetLiveSessionByIdAsync_WithUserNotInSession_ThrowsUnauthorizedAccessException" />
    </UnitTest>
  </TestDefinitions>
  <TestEntries>
    <TestEntry testId="382b5d25-ced7-c099-6533-dd7d04441b7e" executionId="4c7d12bc-cdd5-4d84-a3ee-af96289482bd" testListId="8c84fa94-04c1-424b-9868-57a2d4851a1d" />
    <TestEntry testId="3b24562c-b8c4-6f80-cad2-1cd11327b33b" executionId="dac103ba-dd64-44df-87b7-098bcae46e29" testListId="8c84fa94-04c1-424b-9868-57a2d4851a1d" />
    <TestEntry testId="9fa1b70d-46b5-cb76-3da6-9ce56f58e378" executionId="dd0db616-8c95-4e8d-bea7-6ae8d84d9239" testListId="8c84fa94-04c1-424b-9868-57a2d4851a1d" />
    <TestEntry testId="adf0f5d5-ce53-2a6b-f3c1-d09faf2b5b21" executionId="305ddba4-a44a-4dd8-b0e5-1369a6cb4acc" testListId="8c84fa94-04c1-424b-9868-57a2d4851a1d" />
    <TestEntry testId="ef2e81ed-1584-e339-2254-2b888ce3f1fa" executionId="a585a2d2-03b5-4a06-b12a-4d5557d817eb" testListId="8c84fa94-04c1-424b-9868-57a2d4851a1d" />
    <TestEntry testId="26234926-ec06-370b-fae0-c67ca271e446" executionId="0b0f339a-b126-41f8-9dda-026111919735" testListId="8c84fa94-04c1-424b-9868-57a2d4851a1d" />
    <TestEntry testId="4d88a5f9-a2f9-e73c-f188-8868a8679efb" executionId="1808e344-e12e-47ea-b03e-b71c05babc8f" testListId="8c84fa94-04c1-424b-9868-57a2d4851a1d" />
    <TestEntry testId="5ed7f4b9-960d-f5e0-e2d4-95fe45467e46" executionId="827824fe-0eca-4b41-b68a-4d6209ccdb39" testListId="8c84fa94-04c1-424b-9868-57a2d4851a1d" />
    <TestEntry testId="d1b5a403-a671-be6f-8683-ce9811ac82cc" executionId="63e61f42-fca5-4674-9cc5-98a4c8e04d12" testListId="8c84fa94-04c1-424b-9868-57a2d4851a1d" />
    <TestEntry testId="d3ca2b6c-6732-a04e-8be9-294f0070af73" executionId="a5cc20ce-cd05-4b15-9408-cba595388cae" testListId="8c84fa94-04c1-424b-9868-57a2d4851a1d" />
    <TestEntry testId="26bb9b7d-6c3c-0a66-b4f6-55e18017cc05" executionId="72124913-cbb9-4fbf-aa7e-2e0c40f0048e" testListId="8c84fa94-04c1-424b-9868-57a2d4851a1d" />
    <TestEntry testId="a3babf01-12ec-4830-c6dd-34f39d0016dc" executionId="c1565454-1554-4099-924b-d6e6c023781e" testListId="8c84fa94-04c1-424b-9868-57a2d4851a1d" />
    <TestEntry testId="766417f6-0ddd-be3e-37dc-63b36c075ad4" executionId="1b895bcc-9e2b-476d-a2e1-96661fc4e922" testListId="8c84fa94-04c1-424b-9868-57a2d4851a1d" />
    <TestEntry testId="f11e843e-df81-0688-279a-6544de35571c" executionId="b2d282e6-fe63-4a46-b4eb-c00c2d2bffc7" testListId="8c84fa94-04c1-424b-9868-57a2d4851a1d" />
    <TestEntry testId="d028d019-a7e6-df58-2dc9-62f1a6c1e5ed" executionId="5f139185-d792-492b-9aff-b2a51eec6cc5" testListId="8c84fa94-04c1-424b-9868-57a2d4851a1d" />
    <TestEntry testId="5b3d59a5-13f5-7790-2e0a-8507aba14ff9" executionId="7f8bd319-8918-4834-8407-6cb9e99770e7" testListId="8c84fa94-04c1-424b-9868-57a2d4851a1d" />
    <TestEntry testId="8c69e763-bc77-896c-a76f-3c0dc30e0c53" executionId="17844fb2-ea6b-4cd9-be61-4eac67d56271" testListId="8c84fa94-04c1-424b-9868-57a2d4851a1d" />
    <TestEntry testId="bde3b93d-4884-fcbd-be58-fe02ee274051" executionId="3ae78a7d-72ca-46f4-9bed-9c8e778da986" testListId="8c84fa94-04c1-424b-9868-57a2d4851a1d" />
    <TestEntry testId="0ac92a93-3166-87e3-e85a-776616b0a667" executionId="f288dc64-cbf3-4c69-801a-e8b4c8d89d1f" testListId="8c84fa94-04c1-424b-9868-57a2d4851a1d" />
    <TestEntry testId="20e89d27-0925-a17a-07f8-c50987d233d6" executionId="9ad49474-f502-4b73-8a37-a85f12c8bd6a" testListId="8c84fa94-04c1-424b-9868-57a2d4851a1d" />
    <TestEntry testId="053459c4-9a8f-d5c8-12cb-b3e169da5e46" executionId="a4fac7e7-2cb0-466a-b333-2d6b3574d745" testListId="8c84fa94-04c1-424b-9868-57a2d4851a1d" />
    <TestEntry testId="3e5216a7-36ae-08fd-ad12-528dea98705f" executionId="e85555b5-fd5f-4463-8a9c-782fd669a96f" testListId="8c84fa94-04c1-424b-9868-57a2d4851a1d" />
    <TestEntry testId="fc58ae7b-7b1d-4190-e354-c4cdfa567bba" executionId="47f7d1e1-3710-4d42-ad9f-0c597f5d0d74" testListId="8c84fa94-04c1-424b-9868-57a2d4851a1d" />
    <TestEntry testId="916f71d6-9d7e-7d4b-bdfa-4483bc62282c" executionId="a7ed577f-8a4a-4c10-9ff5-6ccc94788057" testListId="8c84fa94-04c1-424b-9868-57a2d4851a1d" />
    <TestEntry testId="6505630d-792c-7273-f6c0-be997e86479e" executionId="ff491338-0879-4618-a4f0-92f9b7c417bd" testListId="8c84fa94-04c1-424b-9868-57a2d4851a1d" />
    <TestEntry testId="956ddbcb-1209-1d2e-877b-3bc328429973" executionId="61f0503a-6b2f-4519-9cac-68fdf58bb274" testListId="8c84fa94-04c1-424b-9868-57a2d4851a1d" />
    <TestEntry testId="027b5bbe-2d46-12d3-b2b6-79be4b0db30b" executionId="5efe4f25-0d37-4bd3-a96b-466018686007" testListId="8c84fa94-04c1-424b-9868-57a2d4851a1d" />
    <TestEntry testId="99d216e7-0d3c-2784-3c10-fcadcbfe02e8" executionId="95b7e778-7d78-4ee8-ab02-3c3c50fc29b8" testListId="8c84fa94-04c1-424b-9868-57a2d4851a1d" />
    <TestEntry testId="156168d0-2ba8-0f69-6716-02d08d787d54" executionId="d2938873-5ba1-425a-900f-82e6262314e0" testListId="8c84fa94-04c1-424b-9868-57a2d4851a1d" />
    <TestEntry testId="ce5c12d8-bbe0-4a15-c038-052466f841ad" executionId="785dde06-bd93-4e18-b0a3-98cd33190118" testListId="8c84fa94-04c1-424b-9868-57a2d4851a1d" />
    <TestEntry testId="4d072d89-7867-d573-512b-240b3f2642c1" executionId="18b57cbb-b241-4ad3-b828-65b6318ec206" testListId="8c84fa94-04c1-424b-9868-57a2d4851a1d" />
    <TestEntry testId="43340d65-acae-bf28-230d-1c8474977aa3" executionId="5f6cd155-1f22-42c8-8acf-a23d774d7425" testListId="8c84fa94-04c1-424b-9868-57a2d4851a1d" />
    <TestEntry testId="71a8ae7d-442e-733d-b68c-88129d90e99e" executionId="7a7a64ec-a81b-4a31-93e4-0a2c994a0ad6" testListId="8c84fa94-04c1-424b-9868-57a2d4851a1d" />
    <TestEntry testId="10c0e92c-eaa8-9569-61db-af87d7dff152" executionId="9b2710ae-3d8b-4aae-bbba-cff18b5edaa1" testListId="8c84fa94-04c1-424b-9868-57a2d4851a1d" />
    <TestEntry testId="10bcc235-9714-c432-3bec-b40281ee84d6" executionId="b1e4aa90-8e14-46d1-a6f9-35f6d3407372" testListId="8c84fa94-04c1-424b-9868-57a2d4851a1d" />
    <TestEntry testId="d547a297-72ed-a93b-8195-490350b71110" executionId="f77aa6ee-a15c-48ed-931e-6555c1abc22f" testListId="8c84fa94-04c1-424b-9868-57a2d4851a1d" />
    <TestEntry testId="b058dbff-f2dc-005c-1ad9-1da81376118f" executionId="a01e4c8c-4df5-489c-bc0b-2e591b1b8ecc" testListId="8c84fa94-04c1-424b-9868-57a2d4851a1d" />
    <TestEntry testId="aa14c43c-9cb1-d2d9-f9c7-8495a52b67ce" executionId="fe9312ca-1df6-4c86-9ea4-d6d6e0f6727e" testListId="8c84fa94-04c1-424b-9868-57a2d4851a1d" />
    <TestEntry testId="e39006e6-4a36-807c-9a00-a919304dd32b" executionId="0ebf0c30-1e0d-4be8-8bd9-9be4f4c8fab6" testListId="8c84fa94-04c1-424b-9868-57a2d4851a1d" />
    <TestEntry testId="9233bb38-eaff-5608-6ef2-486cb2c211d1" executionId="076c1317-537e-4413-bae3-074f366bf4e2" testListId="8c84fa94-04c1-424b-9868-57a2d4851a1d" />
    <TestEntry testId="bc09114f-a834-8d5a-d7c9-7abb763a9e06" executionId="dce48c43-f3e0-4090-ad49-546a68288ce8" testListId="8c84fa94-04c1-424b-9868-57a2d4851a1d" />
    <TestEntry testId="41032785-28da-f422-0eca-e553ca40d66a" executionId="4531506f-5495-4644-86bb-75959fa1a4b3" testListId="8c84fa94-04c1-424b-9868-57a2d4851a1d" />
    <TestEntry testId="eeb2828c-1605-99b7-6a2b-8eb5592f25b7" executionId="a4e33f34-c0f7-4663-93b7-f2bb18075d6c" testListId="8c84fa94-04c1-424b-9868-57a2d4851a1d" />
    <TestEntry testId="6e39ffca-e570-8d97-f5a4-813612638afd" executionId="7b15c4c7-d869-48fd-9a4e-a079e9cec397" testListId="8c84fa94-04c1-424b-9868-57a2d4851a1d" />
    <TestEntry testId="c57e610b-3fd9-bd62-e75d-373a3882c024" executionId="b961bd0c-29f7-44ad-af97-ccc0c83df062" testListId="8c84fa94-04c1-424b-9868-57a2d4851a1d" />
    <TestEntry testId="844b019f-5aff-6c56-0d30-e60ab153d20a" executionId="771b9400-9add-42db-8ce4-acd178098d34" testListId="8c84fa94-04c1-424b-9868-57a2d4851a1d" />
    <TestEntry testId="2d41a5f4-597a-8c16-b484-67a55d8f741b" executionId="6e3a26bb-5e89-49a6-a60a-792856a5b604" testListId="8c84fa94-04c1-424b-9868-57a2d4851a1d" />
    <TestEntry testId="ca8650bd-e22f-b681-a348-a3481e9eeff7" executionId="84155943-a005-49e7-bdb5-b1ca4407f68a" testListId="8c84fa94-04c1-424b-9868-57a2d4851a1d" />
    <TestEntry testId="118f4cb2-b141-5759-d197-70c8f88f5ff1" executionId="6e7fd884-49bc-4153-9630-b007a171557e" testListId="8c84fa94-04c1-424b-9868-57a2d4851a1d" />
    <TestEntry testId="02397892-8bf1-705d-fa1a-b80589a9874b" executionId="24e9d073-4af2-42a2-a9d0-23d35416988f" testListId="8c84fa94-04c1-424b-9868-57a2d4851a1d" />
    <TestEntry testId="a298cdb6-83f3-ca75-a3f5-43135a8b5c85" executionId="5216df1f-96a9-4393-a70d-dc9d84652181" testListId="8c84fa94-04c1-424b-9868-57a2d4851a1d" />
    <TestEntry testId="94467ae8-59b9-003c-7cf4-6056a1677ae8" executionId="8fc9cc78-1694-4f63-9add-2bc1ca02d331" testListId="8c84fa94-04c1-424b-9868-57a2d4851a1d" />
  </TestEntries>
  <TestLists>
    <TestList name="Results Not in a List" id="8c84fa94-04c1-424b-9868-57a2d4851a1d" />
    <TestList name="All Loaded Results" id="19431567-8539-422a-85d7-44ee4e166bda" />
  </TestLists>
  <ResultSummary outcome="Completed">
    <Counters total="52" executed="52" passed="52" failed="0" error="0" timeout="0" aborted="0" inconclusive="0" passedButRunAborted="0" notRunnable="0" notExecuted="0" disconnected="0" warning="0" completed="0" inProgress="0" pending="0" />
    <Output>
      <StdOut>[xUnit.net 00:00:00.00] xUnit.net VSTest Adapter v2.8.2+699d445a1a (64-bit .NET 8.0.13)&#xD;
[xUnit.net 00:00:00.04]   Discovering: Vector.Api.Tests&#xD;
[xUnit.net 00:00:00.07]   Discovered:  Vector.Api.Tests&#xD;
[xUnit.net 00:00:00.07]   Starting:    Vector.Api.Tests&#xD;
[xUnit.net 00:00:00.97]   Finished:    Vector.Api.Tests&#xD;
</StdOut>
    </Output>
  </ResultSummary>
</TestRun>